::1 - - [02/Jun/2021:19:14:40 +0000] "GET / HTTP/1.1" 304 - "-" "Mozilla/5.0 (Windows NT 10.0; Win64; x64) AppleWebKit/537.36 (KHTML, like Gecko) Chrome/91.0.4472.77 Safari/537.36"
::1 - - [02/Jun/2021:19:14:46 +0000] "GET /users/profile/60b7d1aa1481f50c5caf0716 HTTP/1.1" 304 - "http://localhost:8000/" "Mozilla/5.0 (Windows NT 10.0; Win64; x64) AppleWebKit/537.36 (KHTML, like Gecko) Chrome/91.0.4472.77 Safari/537.36"
::1 - - [02/Jun/2021:19:46:24 +0000] "GET /users/profile/60b7d1aa1481f50c5caf0716 HTTP/1.1" 304 - "http://localhost:8000/" "Mozilla/5.0 (Windows NT 10.0; Win64; x64) AppleWebKit/537.36 (KHTML, like Gecko) Chrome/91.0.4472.77 Safari/537.36"
::1 - - [02/Jun/2021:19:46:25 +0000] "GET /css/layout.css HTTP/1.1" 404 153 "http://localhost:8000/users/profile/60b7d1aa1481f50c5caf0716" "Mozilla/5.0 (Windows NT 10.0; Win64; x64) AppleWebKit/537.36 (KHTML, like Gecko) Chrome/91.0.4472.77 Safari/537.36"
::1 - - [02/Jun/2021:19:46:25 +0000] "GET /css/header.css HTTP/1.1" 404 153 "http://localhost:8000/users/profile/60b7d1aa1481f50c5caf0716" "Mozilla/5.0 (Windows NT 10.0; Win64; x64) AppleWebKit/537.36 (KHTML, like Gecko) Chrome/91.0.4472.77 Safari/537.36"
::1 - - [02/Jun/2021:19:46:25 +0000] "GET /css/footer.css HTTP/1.1" 404 153 "http://localhost:8000/users/profile/60b7d1aa1481f50c5caf0716" "Mozilla/5.0 (Windows NT 10.0; Win64; x64) AppleWebKit/537.36 (KHTML, like Gecko) Chrome/91.0.4472.77 Safari/537.36"
::1 - - [02/Jun/2021:19:46:25 +0000] "GET /css/user_profile.css HTTP/1.1" 404 159 "http://localhost:8000/users/profile/60b7d1aa1481f50c5caf0716" "Mozilla/5.0 (Windows NT 10.0; Win64; x64) AppleWebKit/537.36 (KHTML, like Gecko) Chrome/91.0.4472.77 Safari/537.36"
::1 - - [02/Jun/2021:19:46:36 +0000] "GET / HTTP/1.1" 304 - "-" "Mozilla/5.0 (Windows NT 10.0; Win64; x64) AppleWebKit/537.36 (KHTML, like Gecko) Chrome/91.0.4472.77 Safari/537.36"
::1 - - [02/Jun/2021:19:46:37 +0000] "GET /css/layout.css HTTP/1.1" 404 153 "http://localhost:8000/" "Mozilla/5.0 (Windows NT 10.0; Win64; x64) AppleWebKit/537.36 (KHTML, like Gecko) Chrome/91.0.4472.77 Safari/537.36"
::1 - - [02/Jun/2021:19:46:37 +0000] "GET /css/header.css HTTP/1.1" 404 153 "http://localhost:8000/" "Mozilla/5.0 (Windows NT 10.0; Win64; x64) AppleWebKit/537.36 (KHTML, like Gecko) Chrome/91.0.4472.77 Safari/537.36"
::1 - - [02/Jun/2021:19:46:37 +0000] "GET /css/home.css HTTP/1.1" 404 151 "http://localhost:8000/" "Mozilla/5.0 (Windows NT 10.0; Win64; x64) AppleWebKit/537.36 (KHTML, like Gecko) Chrome/91.0.4472.77 Safari/537.36"
::1 - - [02/Jun/2021:19:46:37 +0000] "GET /css/footer.css HTTP/1.1" 404 153 "http://localhost:8000/" "Mozilla/5.0 (Windows NT 10.0; Win64; x64) AppleWebKit/537.36 (KHTML, like Gecko) Chrome/91.0.4472.77 Safari/537.36"
::1 - - [02/Jun/2021:19:46:37 +0000] "GET /js/home_post_comments.js HTTP/1.1" 404 163 "http://localhost:8000/" "Mozilla/5.0 (Windows NT 10.0; Win64; x64) AppleWebKit/537.36 (KHTML, like Gecko) Chrome/91.0.4472.77 Safari/537.36"
::1 - - [02/Jun/2021:19:46:37 +0000] "GET /js/home_posts.js HTTP/1.1" 404 155 "http://localhost:8000/" "Mozilla/5.0 (Windows NT 10.0; Win64; x64) AppleWebKit/537.36 (KHTML, like Gecko) Chrome/91.0.4472.77 Safari/537.36"
::1 - - [02/Jun/2021:19:46:37 +0000] "GET /css/layout.css HTTP/1.1" 404 153 "http://localhost:8000/" "Mozilla/5.0 (Windows NT 10.0; Win64; x64) AppleWebKit/537.36 (KHTML, like Gecko) Chrome/91.0.4472.77 Safari/537.36"
::1 - - [02/Jun/2021:19:46:37 +0000] "GET /css/header.css HTTP/1.1" 404 153 "http://localhost:8000/" "Mozilla/5.0 (Windows NT 10.0; Win64; x64) AppleWebKit/537.36 (KHTML, like Gecko) Chrome/91.0.4472.77 Safari/537.36"
::1 - - [02/Jun/2021:19:46:37 +0000] "GET /css/footer.css HTTP/1.1" 404 153 "http://localhost:8000/" "Mozilla/5.0 (Windows NT 10.0; Win64; x64) AppleWebKit/537.36 (KHTML, like Gecko) Chrome/91.0.4472.77 Safari/537.36"
::1 - - [02/Jun/2021:19:46:37 +0000] "GET /js/home_post_comments.js HTTP/1.1" 404 163 "http://localhost:8000/" "Mozilla/5.0 (Windows NT 10.0; Win64; x64) AppleWebKit/537.36 (KHTML, like Gecko) Chrome/91.0.4472.77 Safari/537.36"
::1 - - [02/Jun/2021:19:46:37 +0000] "GET /css/home.css HTTP/1.1" 404 151 "http://localhost:8000/" "Mozilla/5.0 (Windows NT 10.0; Win64; x64) AppleWebKit/537.36 (KHTML, like Gecko) Chrome/91.0.4472.77 Safari/537.36"
::1 - - [02/Jun/2021:19:46:38 +0000] "GET /js/home_posts.js HTTP/1.1" 404 155 "http://localhost:8000/" "Mozilla/5.0 (Windows NT 10.0; Win64; x64) AppleWebKit/537.36 (KHTML, like Gecko) Chrome/91.0.4472.77 Safari/537.36"
::1 - - [03/Jun/2021:00:49:02 +0000] "GET / HTTP/1.1" 304 - "-" "Mozilla/5.0 (Windows NT 10.0; Win64; x64) AppleWebKit/537.36 (KHTML, like Gecko) Chrome/91.0.4472.77 Safari/537.36"
::1 - - [03/Jun/2021:00:49:02 +0000] "GET /css/layout.css HTTP/1.1" 404 153 "http://localhost:8000/" "Mozilla/5.0 (Windows NT 10.0; Win64; x64) AppleWebKit/537.36 (KHTML, like Gecko) Chrome/91.0.4472.77 Safari/537.36"
::1 - - [03/Jun/2021:00:49:03 +0000] "GET /js/home_post_comments.js HTTP/1.1" 404 163 "http://localhost:8000/" "Mozilla/5.0 (Windows NT 10.0; Win64; x64) AppleWebKit/537.36 (KHTML, like Gecko) Chrome/91.0.4472.77 Safari/537.36"
::1 - - [03/Jun/2021:00:49:03 +0000] "GET /js/home_posts.js HTTP/1.1" 404 155 "http://localhost:8000/" "Mozilla/5.0 (Windows NT 10.0; Win64; x64) AppleWebKit/537.36 (KHTML, like Gecko) Chrome/91.0.4472.77 Safari/537.36"
::1 - - [03/Jun/2021:00:49:03 +0000] "GET /css/header.css HTTP/1.1" 404 153 "http://localhost:8000/" "Mozilla/5.0 (Windows NT 10.0; Win64; x64) AppleWebKit/537.36 (KHTML, like Gecko) Chrome/91.0.4472.77 Safari/537.36"
::1 - - [03/Jun/2021:00:49:03 +0000] "GET /css/home.css HTTP/1.1" 404 151 "http://localhost:8000/" "Mozilla/5.0 (Windows NT 10.0; Win64; x64) AppleWebKit/537.36 (KHTML, like Gecko) Chrome/91.0.4472.77 Safari/537.36"
::1 - - [03/Jun/2021:00:49:03 +0000] "GET /css/footer.css HTTP/1.1" 404 153 "http://localhost:8000/" "Mozilla/5.0 (Windows NT 10.0; Win64; x64) AppleWebKit/537.36 (KHTML, like Gecko) Chrome/91.0.4472.77 Safari/537.36"
::1 - - [03/Jun/2021:00:49:03 +0000] "GET /js/home_posts.js HTTP/1.1" 404 155 "http://localhost:8000/" "Mozilla/5.0 (Windows NT 10.0; Win64; x64) AppleWebKit/537.36 (KHTML, like Gecko) Chrome/91.0.4472.77 Safari/537.36"
::1 - - [03/Jun/2021:00:59:29 +0000] "GET / HTTP/1.1" 304 - "-" "Mozilla/5.0 (Windows NT 10.0; Win64; x64) AppleWebKit/537.36 (KHTML, like Gecko) Chrome/91.0.4472.77 Safari/537.36"
::1 - - [03/Jun/2021:00:59:29 +0000] "GET /css/layout.css HTTP/1.1" 404 153 "http://localhost:8000/" "Mozilla/5.0 (Windows NT 10.0; Win64; x64) AppleWebKit/537.36 (KHTML, like Gecko) Chrome/91.0.4472.77 Safari/537.36"
::1 - - [03/Jun/2021:00:59:29 +0000] "GET /css/header.css HTTP/1.1" 404 153 "http://localhost:8000/" "Mozilla/5.0 (Windows NT 10.0; Win64; x64) AppleWebKit/537.36 (KHTML, like Gecko) Chrome/91.0.4472.77 Safari/537.36"
::1 - - [03/Jun/2021:00:59:29 +0000] "GET /css/footer.css HTTP/1.1" 404 153 "http://localhost:8000/" "Mozilla/5.0 (Windows NT 10.0; Win64; x64) AppleWebKit/537.36 (KHTML, like Gecko) Chrome/91.0.4472.77 Safari/537.36"
::1 - - [03/Jun/2021:00:59:29 +0000] "GET /css/home.css HTTP/1.1" 404 151 "http://localhost:8000/" "Mozilla/5.0 (Windows NT 10.0; Win64; x64) AppleWebKit/537.36 (KHTML, like Gecko) Chrome/91.0.4472.77 Safari/537.36"
::1 - - [03/Jun/2021:00:59:29 +0000] "GET /js/home_post_comments.js HTTP/1.1" 404 163 "http://localhost:8000/" "Mozilla/5.0 (Windows NT 10.0; Win64; x64) AppleWebKit/537.36 (KHTML, like Gecko) Chrome/91.0.4472.77 Safari/537.36"
::1 - - [03/Jun/2021:00:59:29 +0000] "GET /js/home_posts.js HTTP/1.1" 404 155 "http://localhost:8000/" "Mozilla/5.0 (Windows NT 10.0; Win64; x64) AppleWebKit/537.36 (KHTML, like Gecko) Chrome/91.0.4472.77 Safari/537.36"
::1 - - [03/Jun/2021:00:59:29 +0000] "GET /css/layout.css HTTP/1.1" 404 153 "http://localhost:8000/" "Mozilla/5.0 (Windows NT 10.0; Win64; x64) AppleWebKit/537.36 (KHTML, like Gecko) Chrome/91.0.4472.77 Safari/537.36"
::1 - - [03/Jun/2021:00:59:29 +0000] "GET /css/header.css HTTP/1.1" 404 153 "http://localhost:8000/" "Mozilla/5.0 (Windows NT 10.0; Win64; x64) AppleWebKit/537.36 (KHTML, like Gecko) Chrome/91.0.4472.77 Safari/537.36"
::1 - - [03/Jun/2021:00:59:29 +0000] "GET /js/home_post_comments.js HTTP/1.1" 404 163 "http://localhost:8000/" "Mozilla/5.0 (Windows NT 10.0; Win64; x64) AppleWebKit/537.36 (KHTML, like Gecko) Chrome/91.0.4472.77 Safari/537.36"
::1 - - [03/Jun/2021:00:59:29 +0000] "GET /js/home_posts.js HTTP/1.1" 404 155 "http://localhost:8000/" "Mozilla/5.0 (Windows NT 10.0; Win64; x64) AppleWebKit/537.36 (KHTML, like Gecko) Chrome/91.0.4472.77 Safari/537.36"
::1 - - [03/Jun/2021:00:59:41 +0000] "GET / HTTP/1.1" 304 - "-" "Mozilla/5.0 (Windows NT 10.0; Win64; x64) AppleWebKit/537.36 (KHTML, like Gecko) Chrome/91.0.4472.77 Safari/537.36"
::1 - - [03/Jun/2021:00:59:42 +0000] "GET /css/layout.css HTTP/1.1" 404 153 "http://localhost:8000/" "Mozilla/5.0 (Windows NT 10.0; Win64; x64) AppleWebKit/537.36 (KHTML, like Gecko) Chrome/91.0.4472.77 Safari/537.36"
::1 - - [03/Jun/2021:00:59:42 +0000] "GET /css/header.css HTTP/1.1" 404 153 "http://localhost:8000/" "Mozilla/5.0 (Windows NT 10.0; Win64; x64) AppleWebKit/537.36 (KHTML, like Gecko) Chrome/91.0.4472.77 Safari/537.36"
::1 - - [03/Jun/2021:00:59:42 +0000] "GET /css/footer.css HTTP/1.1" 404 153 "http://localhost:8000/" "Mozilla/5.0 (Windows NT 10.0; Win64; x64) AppleWebKit/537.36 (KHTML, like Gecko) Chrome/91.0.4472.77 Safari/537.36"
::1 - - [03/Jun/2021:00:59:42 +0000] "GET /css/home.css HTTP/1.1" 404 151 "http://localhost:8000/" "Mozilla/5.0 (Windows NT 10.0; Win64; x64) AppleWebKit/537.36 (KHTML, like Gecko) Chrome/91.0.4472.77 Safari/537.36"
::1 - - [03/Jun/2021:00:59:42 +0000] "GET /js/home_post_comments.js HTTP/1.1" 404 163 "http://localhost:8000/" "Mozilla/5.0 (Windows NT 10.0; Win64; x64) AppleWebKit/537.36 (KHTML, like Gecko) Chrome/91.0.4472.77 Safari/537.36"
::1 - - [03/Jun/2021:00:59:42 +0000] "GET /js/home_posts.js HTTP/1.1" 404 155 "http://localhost:8000/" "Mozilla/5.0 (Windows NT 10.0; Win64; x64) AppleWebKit/537.36 (KHTML, like Gecko) Chrome/91.0.4472.77 Safari/537.36"
::1 - - [03/Jun/2021:00:59:42 +0000] "GET /css/layout.css HTTP/1.1" 404 153 "http://localhost:8000/" "Mozilla/5.0 (Windows NT 10.0; Win64; x64) AppleWebKit/537.36 (KHTML, like Gecko) Chrome/91.0.4472.77 Safari/537.36"
::1 - - [03/Jun/2021:00:59:42 +0000] "GET /css/header.css HTTP/1.1" 404 153 "http://localhost:8000/" "Mozilla/5.0 (Windows NT 10.0; Win64; x64) AppleWebKit/537.36 (KHTML, like Gecko) Chrome/91.0.4472.77 Safari/537.36"
::1 - - [03/Jun/2021:00:59:42 +0000] "GET /js/home_post_comments.js HTTP/1.1" 404 163 "http://localhost:8000/" "Mozilla/5.0 (Windows NT 10.0; Win64; x64) AppleWebKit/537.36 (KHTML, like Gecko) Chrome/91.0.4472.77 Safari/537.36"
::1 - - [03/Jun/2021:00:59:42 +0000] "GET /js/home_posts.js HTTP/1.1" 404 155 "http://localhost:8000/" "Mozilla/5.0 (Windows NT 10.0; Win64; x64) AppleWebKit/537.36 (KHTML, like Gecko) Chrome/91.0.4472.77 Safari/537.36"
::1 - - [03/Jun/2021:00:59:49 +0000] "GET / HTTP/1.1" 304 - "-" "Mozilla/5.0 (Windows NT 10.0; Win64; x64) AppleWebKit/537.36 (KHTML, like Gecko) Chrome/91.0.4472.77 Safari/537.36"
::1 - - [03/Jun/2021:00:59:49 +0000] "GET /css/layout.css HTTP/1.1" 404 153 "http://localhost:8000/" "Mozilla/5.0 (Windows NT 10.0; Win64; x64) AppleWebKit/537.36 (KHTML, like Gecko) Chrome/91.0.4472.77 Safari/537.36"
::1 - - [03/Jun/2021:00:59:49 +0000] "GET /css/header.css HTTP/1.1" 404 153 "http://localhost:8000/" "Mozilla/5.0 (Windows NT 10.0; Win64; x64) AppleWebKit/537.36 (KHTML, like Gecko) Chrome/91.0.4472.77 Safari/537.36"
::1 - - [03/Jun/2021:00:59:49 +0000] "GET /css/home.css HTTP/1.1" 404 151 "http://localhost:8000/" "Mozilla/5.0 (Windows NT 10.0; Win64; x64) AppleWebKit/537.36 (KHTML, like Gecko) Chrome/91.0.4472.77 Safari/537.36"
::1 - - [03/Jun/2021:00:59:49 +0000] "GET /js/home_post_comments.js HTTP/1.1" 404 163 "http://localhost:8000/" "Mozilla/5.0 (Windows NT 10.0; Win64; x64) AppleWebKit/537.36 (KHTML, like Gecko) Chrome/91.0.4472.77 Safari/537.36"
::1 - - [03/Jun/2021:00:59:49 +0000] "GET /css/footer.css HTTP/1.1" 404 153 "http://localhost:8000/" "Mozilla/5.0 (Windows NT 10.0; Win64; x64) AppleWebKit/537.36 (KHTML, like Gecko) Chrome/91.0.4472.77 Safari/537.36"
::1 - - [03/Jun/2021:00:59:49 +0000] "GET /js/home_posts.js HTTP/1.1" 404 155 "http://localhost:8000/" "Mozilla/5.0 (Windows NT 10.0; Win64; x64) AppleWebKit/537.36 (KHTML, like Gecko) Chrome/91.0.4472.77 Safari/537.36"
::1 - - [03/Jun/2021:01:00:00 +0000] "GET / HTTP/1.1" 304 - "-" "Mozilla/5.0 (Windows NT 10.0; Win64; x64) AppleWebKit/537.36 (KHTML, like Gecko) Chrome/91.0.4472.77 Safari/537.36"
::1 - - [03/Jun/2021:01:00:00 +0000] "GET /css/layout.css HTTP/1.1" 404 153 "http://localhost:8000/" "Mozilla/5.0 (Windows NT 10.0; Win64; x64) AppleWebKit/537.36 (KHTML, like Gecko) Chrome/91.0.4472.77 Safari/537.36"
::ffff:127.0.0.1 - - [03/Jun/2021:01:00:00 +0000] "GET /css/header.css HTTP/1.1" 404 153 "http://localhost:8000/" "Mozilla/5.0 (Windows NT 10.0; Win64; x64) AppleWebKit/537.36 (KHTML, like Gecko) Chrome/91.0.4472.77 Safari/537.36"
::ffff:127.0.0.1 - - [03/Jun/2021:01:00:00 +0000] "GET /css/footer.css HTTP/1.1" 404 153 "http://localhost:8000/" "Mozilla/5.0 (Windows NT 10.0; Win64; x64) AppleWebKit/537.36 (KHTML, like Gecko) Chrome/91.0.4472.77 Safari/537.36"
::1 - - [03/Jun/2021:01:00:00 +0000] "GET /css/home.css HTTP/1.1" 404 151 "http://localhost:8000/" "Mozilla/5.0 (Windows NT 10.0; Win64; x64) AppleWebKit/537.36 (KHTML, like Gecko) Chrome/91.0.4472.77 Safari/537.36"
::1 - - [03/Jun/2021:01:00:00 +0000] "GET /js/home_post_comments.js HTTP/1.1" 404 163 "http://localhost:8000/" "Mozilla/5.0 (Windows NT 10.0; Win64; x64) AppleWebKit/537.36 (KHTML, like Gecko) Chrome/91.0.4472.77 Safari/537.36"
::1 - - [03/Jun/2021:01:00:00 +0000] "GET /js/home_posts.js HTTP/1.1" 404 155 "http://localhost:8000/" "Mozilla/5.0 (Windows NT 10.0; Win64; x64) AppleWebKit/537.36 (KHTML, like Gecko) Chrome/91.0.4472.77 Safari/537.36"
::1 - - [03/Jun/2021:01:00:00 +0000] "GET /css/header.css HTTP/1.1" 404 153 "http://localhost:8000/" "Mozilla/5.0 (Windows NT 10.0; Win64; x64) AppleWebKit/537.36 (KHTML, like Gecko) Chrome/91.0.4472.77 Safari/537.36"
::1 - - [03/Jun/2021:01:00:00 +0000] "GET /css/layout.css HTTP/1.1" 404 153 "http://localhost:8000/" "Mozilla/5.0 (Windows NT 10.0; Win64; x64) AppleWebKit/537.36 (KHTML, like Gecko) Chrome/91.0.4472.77 Safari/537.36"
::1 - - [03/Jun/2021:01:00:00 +0000] "GET /js/home_posts.js HTTP/1.1" 404 155 "http://localhost:8000/" "Mozilla/5.0 (Windows NT 10.0; Win64; x64) AppleWebKit/537.36 (KHTML, like Gecko) Chrome/91.0.4472.77 Safari/537.36"
::1 - - [03/Jun/2021:01:00:06 +0000] "GET / HTTP/1.1" 304 - "-" "Mozilla/5.0 (Windows NT 10.0; Win64; x64) AppleWebKit/537.36 (KHTML, like Gecko) Chrome/91.0.4472.77 Safari/537.36"
::1 - - [03/Jun/2021:01:00:06 +0000] "GET /css/layout.css HTTP/1.1" 404 153 "http://localhost:8000/" "Mozilla/5.0 (Windows NT 10.0; Win64; x64) AppleWebKit/537.36 (KHTML, like Gecko) Chrome/91.0.4472.77 Safari/537.36"
::1 - - [03/Jun/2021:01:00:06 +0000] "GET /css/header.css HTTP/1.1" 404 153 "http://localhost:8000/" "Mozilla/5.0 (Windows NT 10.0; Win64; x64) AppleWebKit/537.36 (KHTML, like Gecko) Chrome/91.0.4472.77 Safari/537.36"
::1 - - [03/Jun/2021:01:00:06 +0000] "GET /css/home.css HTTP/1.1" 404 151 "http://localhost:8000/" "Mozilla/5.0 (Windows NT 10.0; Win64; x64) AppleWebKit/537.36 (KHTML, like Gecko) Chrome/91.0.4472.77 Safari/537.36"
::1 - - [03/Jun/2021:01:00:06 +0000] "GET /css/footer.css HTTP/1.1" 404 153 "http://localhost:8000/" "Mozilla/5.0 (Windows NT 10.0; Win64; x64) AppleWebKit/537.36 (KHTML, like Gecko) Chrome/91.0.4472.77 Safari/537.36"
::1 - - [03/Jun/2021:01:00:06 +0000] "GET /js/home_post_comments.js HTTP/1.1" 404 163 "http://localhost:8000/" "Mozilla/5.0 (Windows NT 10.0; Win64; x64) AppleWebKit/537.36 (KHTML, like Gecko) Chrome/91.0.4472.77 Safari/537.36"
::1 - - [03/Jun/2021:01:00:06 +0000] "GET /js/home_posts.js HTTP/1.1" 404 155 "http://localhost:8000/" "Mozilla/5.0 (Windows NT 10.0; Win64; x64) AppleWebKit/537.36 (KHTML, like Gecko) Chrome/91.0.4472.77 Safari/537.36"
::1 - - [03/Jun/2021:01:00:12 +0000] "GET / HTTP/1.1" 304 - "-" "Mozilla/5.0 (Windows NT 10.0; Win64; x64) AppleWebKit/537.36 (KHTML, like Gecko) Chrome/91.0.4472.77 Safari/537.36"
::1 - - [03/Jun/2021:01:00:13 +0000] "GET /css/layout.css HTTP/1.1" 404 153 "http://localhost:8000/" "Mozilla/5.0 (Windows NT 10.0; Win64; x64) AppleWebKit/537.36 (KHTML, like Gecko) Chrome/91.0.4472.77 Safari/537.36"
::ffff:127.0.0.1 - - [03/Jun/2021:01:00:13 +0000] "GET /css/header.css HTTP/1.1" 404 153 "http://localhost:8000/" "Mozilla/5.0 (Windows NT 10.0; Win64; x64) AppleWebKit/537.36 (KHTML, like Gecko) Chrome/91.0.4472.77 Safari/537.36"
::ffff:127.0.0.1 - - [03/Jun/2021:01:00:13 +0000] "GET /css/footer.css HTTP/1.1" 404 153 "http://localhost:8000/" "Mozilla/5.0 (Windows NT 10.0; Win64; x64) AppleWebKit/537.36 (KHTML, like Gecko) Chrome/91.0.4472.77 Safari/537.36"
::1 - - [03/Jun/2021:01:00:13 +0000] "GET /css/home.css HTTP/1.1" 404 151 "http://localhost:8000/" "Mozilla/5.0 (Windows NT 10.0; Win64; x64) AppleWebKit/537.36 (KHTML, like Gecko) Chrome/91.0.4472.77 Safari/537.36"
::1 - - [03/Jun/2021:01:00:13 +0000] "GET /js/home_post_comments.js HTTP/1.1" 404 163 "http://localhost:8000/" "Mozilla/5.0 (Windows NT 10.0; Win64; x64) AppleWebKit/537.36 (KHTML, like Gecko) Chrome/91.0.4472.77 Safari/537.36"
::1 - - [03/Jun/2021:01:00:13 +0000] "GET /js/home_posts.js HTTP/1.1" 404 155 "http://localhost:8000/" "Mozilla/5.0 (Windows NT 10.0; Win64; x64) AppleWebKit/537.36 (KHTML, like Gecko) Chrome/91.0.4472.77 Safari/537.36"
::1 - - [03/Jun/2021:01:06:47 +0000] "GET / HTTP/1.1" 304 - "-" "Mozilla/5.0 (Windows NT 10.0; Win64; x64) AppleWebKit/537.36 (KHTML, like Gecko) Chrome/91.0.4472.77 Safari/537.36"
::1 - - [03/Jun/2021:01:06:47 +0000] "GET /css/layout.css HTTP/1.1" 404 153 "http://localhost:8000/" "Mozilla/5.0 (Windows NT 10.0; Win64; x64) AppleWebKit/537.36 (KHTML, like Gecko) Chrome/91.0.4472.77 Safari/537.36"
::1 - - [03/Jun/2021:01:06:47 +0000] "GET /css/header.css HTTP/1.1" 404 153 "http://localhost:8000/" "Mozilla/5.0 (Windows NT 10.0; Win64; x64) AppleWebKit/537.36 (KHTML, like Gecko) Chrome/91.0.4472.77 Safari/537.36"
::1 - - [03/Jun/2021:01:06:47 +0000] "GET /css/footer.css HTTP/1.1" 404 153 "http://localhost:8000/" "Mozilla/5.0 (Windows NT 10.0; Win64; x64) AppleWebKit/537.36 (KHTML, like Gecko) Chrome/91.0.4472.77 Safari/537.36"
::1 - - [03/Jun/2021:01:06:47 +0000] "GET /css/home.css HTTP/1.1" 404 151 "http://localhost:8000/" "Mozilla/5.0 (Windows NT 10.0; Win64; x64) AppleWebKit/537.36 (KHTML, like Gecko) Chrome/91.0.4472.77 Safari/537.36"
::1 - - [03/Jun/2021:01:06:47 +0000] "GET /js/home_post_comments.js HTTP/1.1" 404 163 "http://localhost:8000/" "Mozilla/5.0 (Windows NT 10.0; Win64; x64) AppleWebKit/537.36 (KHTML, like Gecko) Chrome/91.0.4472.77 Safari/537.36"
::1 - - [03/Jun/2021:01:06:47 +0000] "GET /js/home_posts.js HTTP/1.1" 404 155 "http://localhost:8000/" "Mozilla/5.0 (Windows NT 10.0; Win64; x64) AppleWebKit/537.36 (KHTML, like Gecko) Chrome/91.0.4472.77 Safari/537.36"
::1 - - [03/Jun/2021:01:06:47 +0000] "GET /css/layout.css HTTP/1.1" 404 153 "http://localhost:8000/" "Mozilla/5.0 (Windows NT 10.0; Win64; x64) AppleWebKit/537.36 (KHTML, like Gecko) Chrome/91.0.4472.77 Safari/537.36"
::1 - - [03/Jun/2021:01:06:47 +0000] "GET /js/home_posts.js HTTP/1.1" 404 155 "http://localhost:8000/" "Mozilla/5.0 (Windows NT 10.0; Win64; x64) AppleWebKit/537.36 (KHTML, like Gecko) Chrome/91.0.4472.77 Safari/537.36"
::1 - - [03/Jun/2021:01:07:43 +0000] "GET /css/layout.css HTTP/1.1" 404 153 "http://localhost:8000/" "Mozilla/5.0 (Windows NT 10.0; Win64; x64) AppleWebKit/537.36 (KHTML, like Gecko) Chrome/91.0.4472.77 Safari/537.36"
::1 - - [03/Jun/2021:01:07:43 +0000] "GET /css/home.css HTTP/1.1" 404 151 "http://localhost:8000/" "Mozilla/5.0 (Windows NT 10.0; Win64; x64) AppleWebKit/537.36 (KHTML, like Gecko) Chrome/91.0.4472.77 Safari/537.36"
::1 - - [03/Jun/2021:01:07:43 +0000] "GET /css/header.css HTTP/1.1" 404 153 "http://localhost:8000/" "Mozilla/5.0 (Windows NT 10.0; Win64; x64) AppleWebKit/537.36 (KHTML, like Gecko) Chrome/91.0.4472.77 Safari/537.36"
::1 - - [03/Jun/2021:01:07:43 +0000] "GET /css/footer.css HTTP/1.1" 404 153 "http://localhost:8000/" "Mozilla/5.0 (Windows NT 10.0; Win64; x64) AppleWebKit/537.36 (KHTML, like Gecko) Chrome/91.0.4472.77 Safari/537.36"
::1 - - [03/Jun/2021:01:18:08 +0000] "GET / HTTP/1.1" 304 - "-" "Mozilla/5.0 (Windows NT 10.0; Win64; x64) AppleWebKit/537.36 (KHTML, like Gecko) Chrome/91.0.4472.77 Safari/537.36"
::1 - - [03/Jun/2021:01:18:08 +0000] "GET /css/layout.css HTTP/1.1" 404 153 "http://localhost:8000/" "Mozilla/5.0 (Windows NT 10.0; Win64; x64) AppleWebKit/537.36 (KHTML, like Gecko) Chrome/91.0.4472.77 Safari/537.36"
::1 - - [03/Jun/2021:01:18:08 +0000] "GET /css/header.css HTTP/1.1" 404 153 "http://localhost:8000/" "Mozilla/5.0 (Windows NT 10.0; Win64; x64) AppleWebKit/537.36 (KHTML, like Gecko) Chrome/91.0.4472.77 Safari/537.36"
::1 - - [03/Jun/2021:01:18:08 +0000] "GET /css/footer.css HTTP/1.1" 404 153 "http://localhost:8000/" "Mozilla/5.0 (Windows NT 10.0; Win64; x64) AppleWebKit/537.36 (KHTML, like Gecko) Chrome/91.0.4472.77 Safari/537.36"
::1 - - [03/Jun/2021:01:18:08 +0000] "GET /css/home.css HTTP/1.1" 404 151 "http://localhost:8000/" "Mozilla/5.0 (Windows NT 10.0; Win64; x64) AppleWebKit/537.36 (KHTML, like Gecko) Chrome/91.0.4472.77 Safari/537.36"
::1 - - [03/Jun/2021:01:18:08 +0000] "GET /js/home_post_comments.js HTTP/1.1" 404 163 "http://localhost:8000/" "Mozilla/5.0 (Windows NT 10.0; Win64; x64) AppleWebKit/537.36 (KHTML, like Gecko) Chrome/91.0.4472.77 Safari/537.36"
::1 - - [03/Jun/2021:01:18:08 +0000] "GET /js/home_posts.js HTTP/1.1" 404 155 "http://localhost:8000/" "Mozilla/5.0 (Windows NT 10.0; Win64; x64) AppleWebKit/537.36 (KHTML, like Gecko) Chrome/91.0.4472.77 Safari/537.36"
::1 - - [03/Jun/2021:01:18:08 +0000] "GET /css/layout.css HTTP/1.1" 404 153 "http://localhost:8000/" "Mozilla/5.0 (Windows NT 10.0; Win64; x64) AppleWebKit/537.36 (KHTML, like Gecko) Chrome/91.0.4472.77 Safari/537.36"
::1 - - [03/Jun/2021:01:18:08 +0000] "GET /js/home_post_comments.js HTTP/1.1" 404 163 "http://localhost:8000/" "Mozilla/5.0 (Windows NT 10.0; Win64; x64) AppleWebKit/537.36 (KHTML, like Gecko) Chrome/91.0.4472.77 Safari/537.36"
::1 - - [03/Jun/2021:01:18:08 +0000] "GET /css/header.css HTTP/1.1" 404 153 "http://localhost:8000/" "Mozilla/5.0 (Windows NT 10.0; Win64; x64) AppleWebKit/537.36 (KHTML, like Gecko) Chrome/91.0.4472.77 Safari/537.36"
::1 - - [03/Jun/2021:01:18:08 +0000] "GET /css/footer.css HTTP/1.1" 404 153 "http://localhost:8000/" "Mozilla/5.0 (Windows NT 10.0; Win64; x64) AppleWebKit/537.36 (KHTML, like Gecko) Chrome/91.0.4472.77 Safari/537.36"
::1 - - [03/Jun/2021:01:18:08 +0000] "GET /css/home.css HTTP/1.1" 404 151 "http://localhost:8000/" "Mozilla/5.0 (Windows NT 10.0; Win64; x64) AppleWebKit/537.36 (KHTML, like Gecko) Chrome/91.0.4472.77 Safari/537.36"
::1 - - [03/Jun/2021:01:18:08 +0000] "GET /js/home_posts.js HTTP/1.1" 404 155 "http://localhost:8000/" "Mozilla/5.0 (Windows NT 10.0; Win64; x64) AppleWebKit/537.36 (KHTML, like Gecko) Chrome/91.0.4472.77 Safari/537.36"
::1 - - [03/Jun/2021:01:27:18 +0000] "GET / HTTP/1.1" 304 - "-" "Mozilla/5.0 (Windows NT 10.0; Win64; x64) AppleWebKit/537.36 (KHTML, like Gecko) Chrome/91.0.4472.77 Safari/537.36"
::1 - - [03/Jun/2021:01:27:18 +0000] "GET /css/layout.css HTTP/1.1" 404 153 "http://localhost:8000/" "Mozilla/5.0 (Windows NT 10.0; Win64; x64) AppleWebKit/537.36 (KHTML, like Gecko) Chrome/91.0.4472.77 Safari/537.36"
::1 - - [03/Jun/2021:01:27:18 +0000] "GET /css/header.css HTTP/1.1" 404 153 "http://localhost:8000/" "Mozilla/5.0 (Windows NT 10.0; Win64; x64) AppleWebKit/537.36 (KHTML, like Gecko) Chrome/91.0.4472.77 Safari/537.36"
::1 - - [03/Jun/2021:01:27:18 +0000] "GET /css/footer.css HTTP/1.1" 404 153 "http://localhost:8000/" "Mozilla/5.0 (Windows NT 10.0; Win64; x64) AppleWebKit/537.36 (KHTML, like Gecko) Chrome/91.0.4472.77 Safari/537.36"
::1 - - [03/Jun/2021:01:27:18 +0000] "GET /css/home.css HTTP/1.1" 404 151 "http://localhost:8000/" "Mozilla/5.0 (Windows NT 10.0; Win64; x64) AppleWebKit/537.36 (KHTML, like Gecko) Chrome/91.0.4472.77 Safari/537.36"
::1 - - [03/Jun/2021:01:27:18 +0000] "GET /js/home_post_comments.js HTTP/1.1" 404 163 "http://localhost:8000/" "Mozilla/5.0 (Windows NT 10.0; Win64; x64) AppleWebKit/537.36 (KHTML, like Gecko) Chrome/91.0.4472.77 Safari/537.36"
::1 - - [03/Jun/2021:01:27:18 +0000] "GET /js/home_posts.js HTTP/1.1" 404 155 "http://localhost:8000/" "Mozilla/5.0 (Windows NT 10.0; Win64; x64) AppleWebKit/537.36 (KHTML, like Gecko) Chrome/91.0.4472.77 Safari/537.36"
::1 - - [03/Jun/2021:01:27:18 +0000] "GET /css/layout.css HTTP/1.1" 404 153 "http://localhost:8000/" "Mozilla/5.0 (Windows NT 10.0; Win64; x64) AppleWebKit/537.36 (KHTML, like Gecko) Chrome/91.0.4472.77 Safari/537.36"
::1 - - [03/Jun/2021:01:27:18 +0000] "GET /css/header.css HTTP/1.1" 404 153 "http://localhost:8000/" "Mozilla/5.0 (Windows NT 10.0; Win64; x64) AppleWebKit/537.36 (KHTML, like Gecko) Chrome/91.0.4472.77 Safari/537.36"
::1 - - [03/Jun/2021:01:27:18 +0000] "GET /js/home_post_comments.js HTTP/1.1" 404 163 "http://localhost:8000/" "Mozilla/5.0 (Windows NT 10.0; Win64; x64) AppleWebKit/537.36 (KHTML, like Gecko) Chrome/91.0.4472.77 Safari/537.36"
::1 - - [03/Jun/2021:01:27:18 +0000] "GET /js/home_posts.js HTTP/1.1" 404 155 "http://localhost:8000/" "Mozilla/5.0 (Windows NT 10.0; Win64; x64) AppleWebKit/537.36 (KHTML, like Gecko) Chrome/91.0.4472.77 Safari/537.36"
::1 - - [03/Jun/2021:01:53:22 +0000] "GET / HTTP/1.1" 200 2767 "-" "Mozilla/5.0 (Windows NT 10.0; Win64; x64) AppleWebKit/537.36 (KHTML, like Gecko) Chrome/91.0.4472.77 Safari/537.36"
::1 - - [03/Jun/2021:01:53:22 +0000] "GET /css/header.css HTTP/1.1" 404 153 "http://localhost:8000/" "Mozilla/5.0 (Windows NT 10.0; Win64; x64) AppleWebKit/537.36 (KHTML, like Gecko) Chrome/91.0.4472.77 Safari/537.36"
::1 - - [03/Jun/2021:01:53:23 +0000] "GET /css/footer.css HTTP/1.1" 404 153 "http://localhost:8000/" "Mozilla/5.0 (Windows NT 10.0; Win64; x64) AppleWebKit/537.36 (KHTML, like Gecko) Chrome/91.0.4472.77 Safari/537.36"
::1 - - [03/Jun/2021:01:53:23 +0000] "GET /css/home.css HTTP/1.1" 404 151 "http://localhost:8000/" "Mozilla/5.0 (Windows NT 10.0; Win64; x64) AppleWebKit/537.36 (KHTML, like Gecko) Chrome/91.0.4472.77 Safari/537.36"
::1 - - [03/Jun/2021:01:53:23 +0000] "GET /js/home_post_comments.js HTTP/1.1" 404 163 "http://localhost:8000/" "Mozilla/5.0 (Windows NT 10.0; Win64; x64) AppleWebKit/537.36 (KHTML, like Gecko) Chrome/91.0.4472.77 Safari/537.36"
::1 - - [03/Jun/2021:01:53:23 +0000] "GET /js/home_posts.js HTTP/1.1" 404 155 "http://localhost:8000/" "Mozilla/5.0 (Windows NT 10.0; Win64; x64) AppleWebKit/537.36 (KHTML, like Gecko) Chrome/91.0.4472.77 Safari/537.36"
::1 - - [03/Jun/2021:01:54:25 +0000] "GET / HTTP/1.1" 200 2768 "-" "Mozilla/5.0 (Windows NT 10.0; Win64; x64) AppleWebKit/537.36 (KHTML, like Gecko) Chrome/91.0.4472.77 Safari/537.36"
::1 - - [03/Jun/2021:01:54:25 +0000] "GET /css/header.css HTTP/1.1" 404 153 "http://localhost:8000/" "Mozilla/5.0 (Windows NT 10.0; Win64; x64) AppleWebKit/537.36 (KHTML, like Gecko) Chrome/91.0.4472.77 Safari/537.36"
::1 - - [03/Jun/2021:01:54:25 +0000] "GET /css/footer.css HTTP/1.1" 404 153 "http://localhost:8000/" "Mozilla/5.0 (Windows NT 10.0; Win64; x64) AppleWebKit/537.36 (KHTML, like Gecko) Chrome/91.0.4472.77 Safari/537.36"
::1 - - [03/Jun/2021:01:54:25 +0000] "GET /css/home.css HTTP/1.1" 404 151 "http://localhost:8000/" "Mozilla/5.0 (Windows NT 10.0; Win64; x64) AppleWebKit/537.36 (KHTML, like Gecko) Chrome/91.0.4472.77 Safari/537.36"
::1 - - [03/Jun/2021:01:54:25 +0000] "GET /js/home_post_comments.js HTTP/1.1" 404 163 "http://localhost:8000/" "Mozilla/5.0 (Windows NT 10.0; Win64; x64) AppleWebKit/537.36 (KHTML, like Gecko) Chrome/91.0.4472.77 Safari/537.36"
::1 - - [03/Jun/2021:01:54:25 +0000] "GET /js/home_posts.js HTTP/1.1" 404 155 "http://localhost:8000/" "Mozilla/5.0 (Windows NT 10.0; Win64; x64) AppleWebKit/537.36 (KHTML, like Gecko) Chrome/91.0.4472.77 Safari/537.36"
::1 - - [03/Jun/2021:01:54:25 +0000] "GET /css/header.css HTTP/1.1" 404 153 "http://localhost:8000/" "Mozilla/5.0 (Windows NT 10.0; Win64; x64) AppleWebKit/537.36 (KHTML, like Gecko) Chrome/91.0.4472.77 Safari/537.36"
::1 - - [03/Jun/2021:01:54:25 +0000] "GET /js/home_posts.js HTTP/1.1" 404 155 "http://localhost:8000/" "Mozilla/5.0 (Windows NT 10.0; Win64; x64) AppleWebKit/537.36 (KHTML, like Gecko) Chrome/91.0.4472.77 Safari/537.36"
::1 - - [03/Jun/2021:01:54:43 +0000] "GET /css/home.css HTTP/1.1" 404 151 "http://localhost:8000/" "Mozilla/5.0 (Windows NT 10.0; Win64; x64) AppleWebKit/537.36 (KHTML, like Gecko) Chrome/91.0.4472.77 Safari/537.36"
::1 - - [03/Jun/2021:01:54:43 +0000] "GET /css/header.css HTTP/1.1" 404 153 "http://localhost:8000/" "Mozilla/5.0 (Windows NT 10.0; Win64; x64) AppleWebKit/537.36 (KHTML, like Gecko) Chrome/91.0.4472.77 Safari/537.36"
::1 - - [03/Jun/2021:01:54:43 +0000] "GET /css/footer.css HTTP/1.1" 404 153 "http://localhost:8000/" "Mozilla/5.0 (Windows NT 10.0; Win64; x64) AppleWebKit/537.36 (KHTML, like Gecko) Chrome/91.0.4472.77 Safari/537.36"
::1 - - [03/Jun/2021:01:54:56 +0000] "GET / HTTP/1.1" 304 - "-" "Mozilla/5.0 (iPad; CPU OS 11_0 like Mac OS X) AppleWebKit/604.1.34 (KHTML, like Gecko) Version/11.0 Mobile/15A5341f Safari/604.1"
::1 - - [03/Jun/2021:01:54:56 +0000] "GET /css/header.css HTTP/1.1" 404 153 "http://localhost:8000/" "Mozilla/5.0 (iPad; CPU OS 11_0 like Mac OS X) AppleWebKit/604.1.34 (KHTML, like Gecko) Version/11.0 Mobile/15A5341f Safari/604.1"
::1 - - [03/Jun/2021:01:54:56 +0000] "GET /css/home.css HTTP/1.1" 404 151 "http://localhost:8000/" "Mozilla/5.0 (iPad; CPU OS 11_0 like Mac OS X) AppleWebKit/604.1.34 (KHTML, like Gecko) Version/11.0 Mobile/15A5341f Safari/604.1"
::1 - - [03/Jun/2021:01:54:56 +0000] "GET /js/home_post_comments.js HTTP/1.1" 404 163 "http://localhost:8000/" "Mozilla/5.0 (iPad; CPU OS 11_0 like Mac OS X) AppleWebKit/604.1.34 (KHTML, like Gecko) Version/11.0 Mobile/15A5341f Safari/604.1"
::1 - - [03/Jun/2021:01:54:56 +0000] "GET /js/home_posts.js HTTP/1.1" 404 155 "http://localhost:8000/" "Mozilla/5.0 (iPad; CPU OS 11_0 like Mac OS X) AppleWebKit/604.1.34 (KHTML, like Gecko) Version/11.0 Mobile/15A5341f Safari/604.1"
::1 - - [03/Jun/2021:01:54:56 +0000] "GET /css/footer.css HTTP/1.1" 404 153 "http://localhost:8000/" "Mozilla/5.0 (iPad; CPU OS 11_0 like Mac OS X) AppleWebKit/604.1.34 (KHTML, like Gecko) Version/11.0 Mobile/15A5341f Safari/604.1"
::1 - - [03/Jun/2021:01:54:56 +0000] "GET /css/header.css HTTP/1.1" 404 153 "http://localhost:8000/" "Mozilla/5.0 (iPad; CPU OS 11_0 like Mac OS X) AppleWebKit/604.1.34 (KHTML, like Gecko) Version/11.0 Mobile/15A5341f Safari/604.1"
::1 - - [03/Jun/2021:01:54:56 +0000] "GET /css/footer.css HTTP/1.1" 404 153 "http://localhost:8000/" "Mozilla/5.0 (iPad; CPU OS 11_0 like Mac OS X) AppleWebKit/604.1.34 (KHTML, like Gecko) Version/11.0 Mobile/15A5341f Safari/604.1"
::1 - - [03/Jun/2021:01:54:56 +0000] "GET /css/home.css HTTP/1.1" 404 151 "http://localhost:8000/" "Mozilla/5.0 (iPad; CPU OS 11_0 like Mac OS X) AppleWebKit/604.1.34 (KHTML, like Gecko) Version/11.0 Mobile/15A5341f Safari/604.1"
::1 - - [03/Jun/2021:01:54:56 +0000] "GET /js/home_post_comments.js HTTP/1.1" 404 163 "http://localhost:8000/" "Mozilla/5.0 (iPad; CPU OS 11_0 like Mac OS X) AppleWebKit/604.1.34 (KHTML, like Gecko) Version/11.0 Mobile/15A5341f Safari/604.1"
::1 - - [03/Jun/2021:01:54:56 +0000] "GET /js/home_posts.js HTTP/1.1" 404 155 "http://localhost:8000/" "Mozilla/5.0 (iPad; CPU OS 11_0 like Mac OS X) AppleWebKit/604.1.34 (KHTML, like Gecko) Version/11.0 Mobile/15A5341f Safari/604.1"
[0mGET / [32m200[0m 1710.935 ms - 22944[0m
[0mGET /js/home_post_comments.js [33m404[0m 7.615 ms - 163[0m
[0mGET /js/home_posts.js [33m404[0m 5.152 ms - 155[0m
[0mGET /js/home_posts.js [33m404[0m 1.991 ms - 155[0m
::1 - - [03/Jun/2021:01:57:27 +0000] "GET / HTTP/1.1" 200 2387 "-" "Mozilla/5.0 (Windows NT 10.0; Win64; x64) AppleWebKit/537.36 (KHTML, like Gecko) Chrome/91.0.4472.77 Safari/537.36"
::1 - - [03/Jun/2021:01:57:27 +0000] "GET /js/home_post_comments.js HTTP/1.1" 404 163 "http://localhost:8000/" "Mozilla/5.0 (Windows NT 10.0; Win64; x64) AppleWebKit/537.36 (KHTML, like Gecko) Chrome/91.0.4472.77 Safari/537.36"
::1 - - [03/Jun/2021:01:57:27 +0000] "GET /js/home_posts.js HTTP/1.1" 404 155 "http://localhost:8000/" "Mozilla/5.0 (Windows NT 10.0; Win64; x64) AppleWebKit/537.36 (KHTML, like Gecko) Chrome/91.0.4472.77 Safari/537.36"
::1 - - [03/Jun/2021:01:57:27 +0000] "GET /css/home.css HTTP/1.1" 404 151 "http://localhost:8000/" "Mozilla/5.0 (Windows NT 10.0; Win64; x64) AppleWebKit/537.36 (KHTML, like Gecko) Chrome/91.0.4472.77 Safari/537.36"
::1 - - [03/Jun/2021:01:57:27 +0000] "GET /css/home.css HTTP/1.1" 404 151 "http://localhost:8000/" "Mozilla/5.0 (Windows NT 10.0; Win64; x64) AppleWebKit/537.36 (KHTML, like Gecko) Chrome/91.0.4472.77 Safari/537.36"
::1 - - [03/Jun/2021:01:57:27 +0000] "GET /js/home_post_comments.js HTTP/1.1" 404 163 "http://localhost:8000/" "Mozilla/5.0 (Windows NT 10.0; Win64; x64) AppleWebKit/537.36 (KHTML, like Gecko) Chrome/91.0.4472.77 Safari/537.36"
::1 - - [03/Jun/2021:01:57:27 +0000] "GET /js/home_posts.js HTTP/1.1" 404 155 "http://localhost:8000/" "Mozilla/5.0 (Windows NT 10.0; Win64; x64) AppleWebKit/537.36 (KHTML, like Gecko) Chrome/91.0.4472.77 Safari/537.36"
::1 - - [03/Jun/2021:01:57:57 +0000] "GET / HTTP/1.1" 200 2398 "-" "Mozilla/5.0 (Windows NT 10.0; Win64; x64) AppleWebKit/537.36 (KHTML, like Gecko) Chrome/91.0.4472.77 Safari/537.36"
::1 - - [03/Jun/2021:01:57:57 +0000] "GET /js/home_post_comments.js HTTP/1.1" 404 163 "http://localhost:8000/" "Mozilla/5.0 (Windows NT 10.0; Win64; x64) AppleWebKit/537.36 (KHTML, like Gecko) Chrome/91.0.4472.77 Safari/537.36"
::1 - - [03/Jun/2021:01:57:57 +0000] "GET /js/home_posts.js HTTP/1.1" 404 155 "http://localhost:8000/" "Mozilla/5.0 (Windows NT 10.0; Win64; x64) AppleWebKit/537.36 (KHTML, like Gecko) Chrome/91.0.4472.77 Safari/537.36"
::1 - - [03/Jun/2021:01:57:57 +0000] "GET /js/home_post_comments.js HTTP/1.1" 404 163 "http://localhost:8000/" "Mozilla/5.0 (Windows NT 10.0; Win64; x64) AppleWebKit/537.36 (KHTML, like Gecko) Chrome/91.0.4472.77 Safari/537.36"
::1 - - [03/Jun/2021:01:57:57 +0000] "GET /js/home_posts.js HTTP/1.1" 404 155 "http://localhost:8000/" "Mozilla/5.0 (Windows NT 10.0; Win64; x64) AppleWebKit/537.36 (KHTML, like Gecko) Chrome/91.0.4472.77 Safari/537.36"
::1 - - [03/Jun/2021:02:00:11 +0000] "GET / HTTP/1.1" 200 2419 "-" "Mozilla/5.0 (Windows NT 10.0; Win64; x64) AppleWebKit/537.36 (KHTML, like Gecko) Chrome/91.0.4472.77 Safari/537.36"
::1 - - [03/Jun/2021:02:01:32 +0000] "GET / HTTP/1.1" 304 - "-" "Mozilla/5.0 (iPad; CPU OS 11_0 like Mac OS X) AppleWebKit/604.1.34 (KHTML, like Gecko) Version/11.0 Mobile/15A5341f Safari/604.1"
::1 - - [03/Jun/2021:07:32:48 +0000] "GET / HTTP/1.1" 200 2419 "-" "Mozilla/5.0 (Windows NT 10.0; Win64; x64) AppleWebKit/537.36 (KHTML, like Gecko) Chrome/91.0.4472.77 Safari/537.36"
::1 - - [03/Jun/2021:07:33:21 +0000] "GET / HTTP/1.1" 304 - "-" "Mozilla/5.0 (Windows NT 10.0; Win64; x64) AppleWebKit/537.36 (KHTML, like Gecko) Chrome/91.0.4472.77 Safari/537.36"
::1 - - [03/Jun/2021:07:59:13 +0000] "GET / HTTP/1.1" 304 - "-" "Mozilla/5.0 (Windows NT 10.0; Win64; x64) AppleWebKit/537.36 (KHTML, like Gecko) Chrome/91.0.4472.77 Safari/537.36"
::1 - - [03/Jun/2021:07:59:16 +0000] "GET /users/sign-in HTTP/1.1" 200 2089 "http://localhost:8000/" "Mozilla/5.0 (Windows NT 10.0; Win64; x64) AppleWebKit/537.36 (KHTML, like Gecko) Chrome/91.0.4472.77 Safari/537.36"
::1 - - [03/Jun/2021:07:59:22 +0000] "POST /users/create-session HTTP/1.1" 302 46 "http://localhost:8000/users/sign-in" "Mozilla/5.0 (Windows NT 10.0; Win64; x64) AppleWebKit/537.36 (KHTML, like Gecko) Chrome/91.0.4472.77 Safari/537.36"
::1 - - [03/Jun/2021:07:59:22 +0000] "GET / HTTP/1.1" 200 3113 "http://localhost:8000/users/sign-in" "Mozilla/5.0 (Windows NT 10.0; Win64; x64) AppleWebKit/537.36 (KHTML, like Gecko) Chrome/91.0.4472.77 Safari/537.36"
::1 - - [03/Jun/2021:07:59:29 +0000] "POST /posts/create HTTP/1.1" 200 273 "http://localhost:8000/" "Mozilla/5.0 (Windows NT 10.0; Win64; x64) AppleWebKit/537.36 (KHTML, like Gecko) Chrome/91.0.4472.77 Safari/537.36"
::1 - - [03/Jun/2021:07:59:35 +0000] "POST /comments/create HTTP/1.1" 200 328 "http://localhost:8000/" "Mozilla/5.0 (Windows NT 10.0; Win64; x64) AppleWebKit/537.36 (KHTML, like Gecko) Chrome/91.0.4472.77 Safari/537.36"
::1 - - [03/Jun/2021:07:59:40 +0000] "GET /users/sign-out HTTP/1.1" 302 46 "http://localhost:8000/" "Mozilla/5.0 (Windows NT 10.0; Win64; x64) AppleWebKit/537.36 (KHTML, like Gecko) Chrome/91.0.4472.77 Safari/537.36"
::1 - - [03/Jun/2021:07:59:40 +0000] "GET / HTTP/1.1" 200 3447 "http://localhost:8000/" "Mozilla/5.0 (Windows NT 10.0; Win64; x64) AppleWebKit/537.36 (KHTML, like Gecko) Chrome/91.0.4472.77 Safari/537.36"
::1 - - [03/Jun/2021:08:51:07 +0000] "GET / HTTP/1.1" 200 3155 "-" "Mozilla/5.0 (Windows NT 10.0; Win64; x64) AppleWebKit/537.36 (KHTML, like Gecko) Chrome/91.0.4472.77 Safari/537.36"
::1 - - [03/Jun/2021:09:14:17 +0000] "GET / HTTP/1.1" 304 - "-" "Mozilla/5.0 (Windows NT 10.0; Win64; x64) AppleWebKit/537.36 (KHTML, like Gecko) Chrome/91.0.4472.77 Safari/537.36"
::1 - - [03/Jun/2021:09:14:22 +0000] "GET / HTTP/1.1" 304 - "-" "Mozilla/5.0 (Windows NT 10.0; Win64; x64) AppleWebKit/537.36 (KHTML, like Gecko) Chrome/91.0.4472.77 Safari/537.36"
::1 - - [03/Jun/2021:09:14:27 +0000] "GET /users/sign-in HTTP/1.1" 304 - "http://localhost:8000/" "Mozilla/5.0 (Windows NT 10.0; Win64; x64) AppleWebKit/537.36 (KHTML, like Gecko) Chrome/91.0.4472.77 Safari/537.36"
::1 - - [03/Jun/2021:09:14:36 +0000] "POST /users/create-session HTTP/1.1" 302 72 "http://localhost:8000/users/sign-in" "Mozilla/5.0 (Windows NT 10.0; Win64; x64) AppleWebKit/537.36 (KHTML, like Gecko) Chrome/91.0.4472.77 Safari/537.36"
::1 - - [03/Jun/2021:09:14:36 +0000] "GET /users/sign-in HTTP/1.1" 200 2381 "http://localhost:8000/users/sign-in" "Mozilla/5.0 (Windows NT 10.0; Win64; x64) AppleWebKit/537.36 (KHTML, like Gecko) Chrome/91.0.4472.77 Safari/537.36"
::1 - - [03/Jun/2021:09:14:47 +0000] "POST /users/create-session HTTP/1.1" 302 46 "http://localhost:8000/users/sign-in" "Mozilla/5.0 (Windows NT 10.0; Win64; x64) AppleWebKit/537.36 (KHTML, like Gecko) Chrome/91.0.4472.77 Safari/537.36"
::1 - - [03/Jun/2021:09:14:47 +0000] "GET / HTTP/1.1" 200 4700 "http://localhost:8000/users/sign-in" "Mozilla/5.0 (Windows NT 10.0; Win64; x64) AppleWebKit/537.36 (KHTML, like Gecko) Chrome/91.0.4472.77 Safari/537.36"
::1 - - [05/Jun/2021:09:41:38 +0000] "GET / HTTP/1.1" 200 3155 "-" "Mozilla/5.0 (Windows NT 10.0; Win64; x64) AppleWebKit/537.36 (KHTML, like Gecko) Chrome/91.0.4472.77 Safari/537.36"
::1 - - [05/Jun/2021:09:41:38 +0000] "GET /favicon.ico HTTP/1.1" 404 150 "http://localhost:4000/" "Mozilla/5.0 (Windows NT 10.0; Win64; x64) AppleWebKit/537.36 (KHTML, like Gecko) Chrome/91.0.4472.77 Safari/537.36"
[0mGET / [32m200[0m 141.354 ms - 22938[0m
[0mGET /js/home_post_comments.js [33m404[0m 5.773 ms - 163[0m
[0mGET /js/home_posts.js [33m404[0m 5.558 ms - 155[0m
[0mGET /js/home_posts.js [33m404[0m 2.948 ms - 155[0m
[0mGET /api/v1/posts [32m200[0m 45.370 ms - 28430[0m
[0mGET /api/v1/posts?page=1&limit=5 [32m200[0m 40.256 ms - 28430[0m
[0mGET /api/v1/posts?page=1&limit=5 [36m304[0m 48.196 ms - -[0m
[0mGET / [36m304[0m 54.277 ms - -[0m
[0mGET /js/home_post_comments.js [33m404[0m 3.432 ms - 163[0m
[0mGET /js/home_posts.js [33m404[0m 3.497 ms - 155[0m
[0mGET /css/header.css [33m404[0m 8.242 ms - 153[0m
[0mGET /css/home.css [33m404[0m 9.132 ms - 151[0m
[0mGET /css/layout.css [33m404[0m 13.549 ms - 153[0m
[0mGET /css/footer.css [33m404[0m 14.330 ms - 153[0m
[0mGET /js/home_post_comments.js [33m404[0m 2.273 ms - 163[0m
[0mGET /css/header.css [33m404[0m 2.994 ms - 153[0m
[0mGET /css/home.css [33m404[0m 3.586 ms - 151[0m
[0mGET /js/home_posts.js [33m404[0m 1.631 ms - 155[0m
[0mGET / [32m200[0m 370.471 ms - 25242[0m
[0mGET /js/home_post_comments.js [33m404[0m 7.730 ms - 163[0m
[0mGET /js/toggle_likes.js [33m404[0m 10.038 ms - 157[0m
[0mGET /js/home_posts.js [33m404[0m 13.557 ms - 155[0m
[0mGET /js/home_posts.js [33m404[0m 3.843 ms - 155[0m
[0mGET /js/toggle_likes.js [33m404[0m 2.169 ms - 157[0m
[0mGET /favicon.ico [33m404[0m 1.753 ms - 150[0m
[0mGET /users/sign-in [32m200[0m 4.289 ms - 2053[0m
[0mGET /users/css/layout.css [33m404[0m 3.583 ms - 159[0m
[0mGET /users/css/header.css [33m404[0m 5.037 ms - 159[0m
[0mGET /users/css/footer.css [33m404[0m 4.992 ms - 159[0m
[0mPOST /users/create-session [36m302[0m 61.743 ms - 46[0m
[0mGET / [32m200[0m 207.796 ms - 37969[0m
[0mGET /css/layout.css [33m404[0m 16.276 ms - 153[0m
[0mGET /css/header.css [33m404[0m 18.529 ms - 153[0m
[0mGET /js/home_post_comments.js [33m404[0m 17.077 ms - 163[0m
[0mGET /css/home.css [33m404[0m 20.833 ms - 151[0m
[0mGET /js/home_posts.js [33m404[0m 23.531 ms - 155[0m
[0mGET /css/footer.css [33m404[0m 25.590 ms - 153[0m
[0mGET /js/toggle_likes.js [33m404[0m 6.508 ms - 157[0m
[0mGET /js/home_posts.js [33m404[0m 3.467 ms - 155[0m
[0mGET /js/toggle_likes.js [33m404[0m 3.010 ms - 157[0m
[0mGET /likes/toggle/?id=60b62d8dabd90a5c6070bdac&type=Post [33m404[0m 7.143 ms - 152[0m
[0mGET / [32m200[0m 193.878 ms - 37678[0m
[0mGET /js/home_post_comments.js [33m404[0m 13.822 ms - 163[0m
[0mGET /js/home_posts.js [33m404[0m 15.743 ms - 155[0m
[0mGET /js/toggle_likes.js [33m404[0m 5.476 ms - 157[0m
[0mGET /js/home_post_comments.js [33m404[0m 3.246 ms - 163[0m
[0mGET /js/home_posts.js [33m404[0m 2.962 ms - 155[0m
[0mGET /js/toggle_likes.js [33m404[0m 5.663 ms - 157[0m
[0mGET /likes/toggle/?id=60b62d8dabd90a5c6070bdac&type=Post [32m200[0m 374.879 ms - 58[0m
[0mGET /likes/toggle/?id=60b5b281d08c986890ef6db7&type=Post [32m200[0m 12.290 ms - 58[0m
[0mGET / [32m200[0m 181.064 ms - 37678[0m
[0mGET /js/home_post_comments.js [33m404[0m 21.464 ms - 163[0m
[0mGET /js/home_posts.js [33m404[0m 22.924 ms - 155[0m
[0mGET /js/toggle_likes.js [33m404[0m 62.267 ms - 157[0m
[0mGET /js/home_post_comments.js [33m404[0m 5.042 ms - 163[0m
[0mGET /js/home_posts.js [33m404[0m 8.743 ms - 155[0m
[0mGET /js/toggle_likes.js [33m404[0m 5.028 ms - 157[0m
[0mGET /likes/toggle/?id=60b5b276d08c986890ef6db3&type=Post [36m302[0m 19.129 ms - 88[0m
[0mGET / [32m200[0m 47.996 ms - 37678[0m
[0mGET /css/layout.css [33m404[0m 11.352 ms - 153[0m
[0mGET /css/header.css [33m404[0m 13.555 ms - 153[0m
[0mGET /css/footer.css [33m404[0m 16.823 ms - 153[0m
[0mGET /js/home_post_comments.js [33m404[0m 18.846 ms - 163[0m
[0mGET /js/home_posts.js [33m404[0m 20.414 ms - 155[0m
[0mGET /css/home.css [33m404[0m 9.785 ms - 151[0m
[0mGET /js/toggle_likes.js [33m404[0m 10.421 ms - 157[0m
[0mGET /js/home_posts.js [33m404[0m 16.848 ms - 155[0m
[0mGET /js/toggle_likes.js [33m404[0m 2.986 ms - 157[0m
[0mGET /likes/toggle/?id=60b62d8dabd90a5c6070bdac&type=Post [36m302[0m 12.935 ms - 88[0m
[0mGET / [32m200[0m 118.817 ms - 37678[0m
[0mGET /css/layout.css [33m404[0m 16.955 ms - 153[0m
[0mGET /css/header.css [33m404[0m 17.833 ms - 153[0m
[0mGET /css/footer.css [33m404[0m 16.992 ms - 153[0m
[0mGET /js/home_post_comments.js [33m404[0m 16.697 ms - 163[0m
[0mGET /js/home_posts.js [33m404[0m 19.010 ms - 155[0m
[0mGET /css/home.css [33m404[0m 12.254 ms - 151[0m
[0mGET /js/toggle_likes.js [33m404[0m 5.398 ms - 157[0m
[0mGET /js/home_posts.js [33m404[0m 2.762 ms - 155[0m
[0mGET /js/toggle_likes.js [33m404[0m 3.840 ms - 157[0m
[0mGET /likes/toggle/?id=60b62d8dabd90a5c6070bdac&type=Post [36m302[0m 13.078 ms - 88[0m
[0mGET / [32m200[0m 46.526 ms - 37678[0m
[0mGET /css/header.css [33m404[0m 12.683 ms - 153[0m
[0mGET /css/layout.css [33m404[0m 13.967 ms - 153[0m
[0mGET /css/footer.css [33m404[0m 13.775 ms - 153[0m
[0mGET /css/home.css [33m404[0m 14.006 ms - 151[0m
[0mGET /js/home_post_comments.js [33m404[0m 12.410 ms - 163[0m
[0mGET /js/home_posts.js [33m404[0m 15.391 ms - 155[0m
[0mGET /js/toggle_likes.js [33m404[0m 4.558 ms - 157[0m
[0mGET /likes/toggle/?id=60b62d8dabd90a5c6070bdac&type=Post [36m302[0m 8.206 ms - 88[0m
[0mGET / [32m200[0m 40.852 ms - 37678[0m
[0mGET /css/header.css [33m404[0m 13.210 ms - 153[0m
[0mGET /css/layout.css [33m404[0m 15.885 ms - 153[0m
[0mGET /css/footer.css [33m404[0m 15.833 ms - 153[0m
[0mGET /js/home_post_comments.js [33m404[0m 17.948 ms - 163[0m
[0mGET /js/home_posts.js [33m404[0m 18.039 ms - 155[0m
[0mGET /css/home.css [33m404[0m 12.950 ms - 151[0m
[0mGET /js/toggle_likes.js [33m404[0m 4.802 ms - 157[0m
[0mGET /js/home_posts.js [33m404[0m 2.588 ms - 155[0m
[0mGET /js/toggle_likes.js [33m404[0m 2.533 ms - 157[0m
[0mGET /likes/toggle/?id=60b62d8dabd90a5c6070bdac&type=Post [36m302[0m 7.836 ms - 88[0m
[0mGET / [32m200[0m 42.476 ms - 37678[0m
[0mGET /css/layout.css [33m404[0m 12.125 ms - 153[0m
[0mGET /css/header.css [33m404[0m 11.575 ms - 153[0m
[0mGET /css/footer.css [33m404[0m 13.519 ms - 153[0m
[0mGET /js/home_posts.js [33m404[0m 11.909 ms - 155[0m
[0mGET /css/home.css [33m404[0m 14.657 ms - 151[0m
[0mGET /js/home_post_comments.js [33m404[0m 18.864 ms - 163[0m
[0mGET /js/toggle_likes.js [33m404[0m 3.921 ms - 157[0m
[0mGET /likes/toggle/?id=60b62d8dabd90a5c6070bdac&type=Post [36m302[0m 11.326 ms - 88[0m
[0mGET / [32m200[0m 39.961 ms - 37678[0m
[0mGET /css/header.css [33m404[0m 9.036 ms - 153[0m
[0mGET /css/layout.css [33m404[0m 10.606 ms - 153[0m
[0mGET /css/footer.css [33m404[0m 10.473 ms - 153[0m
[0mGET /js/home_post_comments.js [33m404[0m 10.259 ms - 163[0m
[0mGET /js/home_posts.js [33m404[0m 13.815 ms - 155[0m
[0mGET /css/home.css [33m404[0m 14.018 ms - 151[0m
[0mGET /js/toggle_likes.js [33m404[0m 4.844 ms - 157[0m
[0mGET /js/home_posts.js [33m404[0m 2.476 ms - 155[0m
[0mGET /js/toggle_likes.js [33m404[0m 2.396 ms - 157[0m
[0mGET /likes/toggle/?id=60b4ba3ee5cd681784918a33&type=Post [36m302[0m 16.145 ms - 88[0m
[0mGET / [32m200[0m 56.256 ms - 37678[0m
[0mGET /css/layout.css [33m404[0m 13.759 ms - 153[0m
[0mGET /css/header.css [33m404[0m 15.056 ms - 153[0m
[0mGET /js/home_post_comments.js [33m404[0m 20.813 ms - 163[0m
[0mGET /js/home_posts.js [33m404[0m 18.618 ms - 155[0m
[0mGET /css/footer.css [33m404[0m 17.575 ms - 153[0m
[0mGET /css/home.css [33m404[0m 16.995 ms - 151[0m
[0mGET /js/toggle_likes.js [33m404[0m 11.152 ms - 157[0m
[0mGET /js/home_posts.js [33m404[0m 3.329 ms - 155[0m
[0mGET /js/toggle_likes.js [33m404[0m 2.761 ms - 157[0m
[0mGET /likes/toggle/?id=60b4ba3ee5cd681784918a33&type=Post [36m302[0m 12.136 ms - 88[0m
[0mGET / [32m200[0m 49.788 ms - 37678[0m
[0mGET /css/layout.css [33m404[0m 13.498 ms - 153[0m
[0mGET /css/header.css [33m404[0m 13.762 ms - 153[0m
[0mGET /css/footer.css [33m404[0m 16.658 ms - 153[0m
[0mGET /js/home_post_comments.js [33m404[0m 14.845 ms - 163[0m
[0mGET /js/home_posts.js [33m404[0m 17.151 ms - 155[0m
[0mGET /css/home.css [33m404[0m 10.541 ms - 151[0m
[0mGET /js/toggle_likes.js [33m404[0m 6.455 ms - 157[0m
[0mGET /js/home_posts.js [33m404[0m 4.011 ms - 155[0m
[0mGET /js/toggle_likes.js [33m404[0m 4.041 ms - 157[0m
[0mGET / [36m304[0m 1107.293 ms - -[0m
[0mGET /js/home_post_comments.js [33m404[0m 10.375 ms - 163[0m
[0mGET /js/home_posts.js [33m404[0m 9.439 ms - 155[0m
[0mGET /js/toggle_likes.js [33m404[0m 8.757 ms - 157[0m
[0mGET /js/home_post_comments.js [33m404[0m 3.947 ms - 163[0m
[0mGET /js/home_posts.js [33m404[0m 2.978 ms - 155[0m
[0mGET /js/toggle_likes.js [33m404[0m 4.999 ms - 157[0m
[0mGET /likes/toggle/?id=60b5b281d08c986890ef6db7&type=Post [36m302[0m 79.992 ms - 88[0m
[0mGET / [32m200[0m 59.461 ms - 37678[0m
[0mGET /css/layout.css [33m404[0m 7.446 ms - 153[0m
[0mGET /css/header.css [33m404[0m 20.616 ms - 153[0m
[0mGET /js/home_post_comments.js [33m404[0m 25.212 ms - 163[0m
[0mGET /js/home_posts.js [33m404[0m 25.121 ms - 155[0m
[0mGET /css/footer.css [33m404[0m 18.863 ms - 153[0m
[0mGET /css/home.css [33m404[0m 19.111 ms - 151[0m
[0mGET /js/toggle_likes.js [33m404[0m 19.931 ms - 157[0m
[0mGET /css/layout.css [33m404[0m 4.404 ms - 153[0m
[0mGET /js/home_post_comments.js [33m404[0m 4.399 ms - 163[0m
[0mGET /js/home_posts.js [33m404[0m 2.832 ms - 155[0m
[0mGET /js/toggle_likes.js [33m404[0m 2.893 ms - 157[0m
[0mGET /likes/toggle/?id=60b5b281d08c986890ef6db7&type=Post [36m302[0m 13.329 ms - 88[0m
[0mGET / [32m200[0m 59.836 ms - 37678[0m
[0mGET /css/layout.css [33m404[0m 17.354 ms - 153[0m
[0mGET /css/header.css [33m404[0m 12.883 ms - 153[0m
[0mGET /js/home_post_comments.js [33m404[0m 15.476 ms - 163[0m
[0mGET /js/home_posts.js [33m404[0m 19.848 ms - 155[0m
[0mGET /css/footer.css [33m404[0m 26.866 ms - 153[0m
[0mGET /css/home.css [33m404[0m 22.439 ms - 151[0m
[0mGET /js/toggle_likes.js [33m404[0m 10.373 ms - 157[0m
[0mGET /js/home_post_comments.js [33m404[0m 7.738 ms - 163[0m
[0mGET /js/home_posts.js [33m404[0m 2.906 ms - 155[0m
[0mGET /js/toggle_likes.js [33m404[0m 5.388 ms - 157[0m
[0mGET /css/footer.css [33m404[0m 3.698 ms - 153[0m
[0mGET /css/home.css [33m404[0m 4.402 ms - 151[0m
[0mGET /js/toggle_likes.js [33m404[0m 4.662 ms - 157[0m
[0mGET / [36m304[0m 73.957 ms - -[0m
[0mGET /css/layout.css [33m404[0m 12.757 ms - 153[0m
[0mGET /js/home_post_comments.js [33m404[0m 17.469 ms - 163[0m
[0mGET /js/home_posts.js [33m404[0m 16.824 ms - 155[0m
[0mGET /css/header.css [33m404[0m 20.202 ms - 153[0m
[0mGET /css/footer.css [33m404[0m 18.334 ms - 153[0m
[0mGET /css/home.css [33m404[0m 17.549 ms - 151[0m
[0mGET /js/toggle_likes.js [33m404[0m 15.148 ms - 157[0m
[0mGET /js/home_post_comments.js [33m404[0m 10.322 ms - 163[0m
[0mGET /css/header.css [33m404[0m 13.719 ms - 153[0m
[0mGET /css/layout.css [33m404[0m 13.037 ms - 153[0m
[0mGET /css/footer.css [33m404[0m 15.297 ms - 153[0m
[0mGET /css/home.css [33m404[0m 16.974 ms - 151[0m
[0mGET /js/home_posts.js [33m404[0m 3.186 ms - 155[0m
[0mGET /js/toggle_likes.js [33m404[0m 3.324 ms - 157[0m
[0mGET /users/sign-out [36m302[0m 7.734 ms - 46[0m
[0mGET / [32m200[0m 42.233 ms - 25534[0m
[0mGET /css/layout.css [33m404[0m 1.738 ms - 153[0m
[0mGET /css/header.css [33m404[0m 3.181 ms - 153[0m
[0mGET /js/home_post_comments.js [33m404[0m 4.522 ms - 163[0m
[0mGET /js/home_posts.js [33m404[0m 6.645 ms - 155[0m
[0mGET /js/toggle_likes.js [33m404[0m 9.474 ms - 157[0m
[0mGET /css/footer.css [33m404[0m 9.733 ms - 153[0m
[0mGET /css/home.css [33m404[0m 10.680 ms - 151[0m
[0mGET /js/home_posts.js [33m404[0m 1.591 ms - 155[0m
[0mGET /js/toggle_likes.js [33m404[0m 1.539 ms - 157[0m
[0mGET /users/sign-in [36m304[0m 5.254 ms - -[0m
[0mGET /users/css/header.css [33m404[0m 3.670 ms - 159[0m
[0mGET /users/css/layout.css [33m404[0m 4.024 ms - 159[0m
[0mGET /users/css/footer.css [33m404[0m 1.979 ms - 159[0m
[0mPOST /users/create-session [36m302[0m 4.127 ms - 46[0m
[0mGET / [32m200[0m 67.780 ms - 37969[0m
[0mGET /css/layout.css [33m404[0m 13.811 ms - 153[0m
[0mGET /css/footer.css [33m404[0m 13.843 ms - 153[0m
[0mGET /js/home_post_comments.js [33m404[0m 15.034 ms - 163[0m
[0mGET /js/home_posts.js [33m404[0m 13.615 ms - 155[0m
[0mGET /css/home.css [33m404[0m 13.345 ms - 151[0m
[0mGET /css/header.css [33m404[0m 13.351 ms - 153[0m
[0mGET /js/toggle_likes.js [33m404[0m 6.280 ms - 157[0m
[0mGET /js/home_post_comments.js [33m404[0m 175.716 ms - 163[0m
[0mGET /js/home_posts.js [33m404[0m 182.853 ms - 155[0m
[0mGET /js/toggle_likes.js [33m404[0m 8.282 ms - 157[0m
[0mGET / [32m200[0m 119.231 ms - 37678[0m
[0mGET /css/layout.css [33m404[0m 14.251 ms - 153[0m
[0mGET /css/header.css [33m404[0m 13.881 ms - 153[0m
[0mGET /js/home_post_comments.js [33m404[0m 17.513 ms - 163[0m
[0mGET /js/home_posts.js [33m404[0m 17.424 ms - 155[0m
[0mGET /css/footer.css [33m404[0m 19.652 ms - 153[0m
[0mGET /css/home.css [33m404[0m 19.802 ms - 151[0m
[0mGET /js/toggle_likes.js [33m404[0m 13.557 ms - 157[0m
[0mGET /js/home_posts.js [33m404[0m 5.728 ms - 155[0m
[0mGET /js/toggle_likes.js [33m404[0m 5.696 ms - 157[0m
[0mGET /css/layout.css [33m404[0m 12.616 ms - 153[0m
[0mGET /css/header.css [33m404[0m 12.659 ms - 153[0m
[0mGET /css/footer.css [33m404[0m 13.940 ms - 153[0m
[0mGET /css/home.css [33m404[0m 13.444 ms - 151[0m
::1 - - [10/Jun/2021:16:56:10 +0000] "GET / HTTP/1.1" - - "-" "Mozilla/5.0 (Windows NT 10.0; Win64; x64) AppleWebKit/537.36 (KHTML, like Gecko) Chrome/91.0.4472.77 Safari/537.36"
::1 - - [10/Jun/2021:16:56:24 +0000] "GET / HTTP/1.1" 200 3604 "-" "Mozilla/5.0 (Windows NT 10.0; Win64; x64) AppleWebKit/537.36 (KHTML, like Gecko) Chrome/91.0.4472.77 Safari/537.36"
::ffff:127.0.0.1 - - [10/Jun/2021:16:56:24 +0000] "GET /js/toggle_likes.js HTTP/1.1" 404 157 "http://localhost:8000/" "Mozilla/5.0 (Windows NT 10.0; Win64; x64) AppleWebKit/537.36 (KHTML, like Gecko) Chrome/91.0.4472.77 Safari/537.36"
::1 - - [10/Jun/2021:16:56:24 +0000] "GET /js/toggle_likes.js HTTP/1.1" 404 157 "http://localhost:8000/" "Mozilla/5.0 (Windows NT 10.0; Win64; x64) AppleWebKit/537.36 (KHTML, like Gecko) Chrome/91.0.4472.77 Safari/537.36"
::1 - - [10/Jun/2021:16:56:29 +0000] "GET / HTTP/1.1" 304 - "-" "Mozilla/5.0 (Windows NT 10.0; Win64; x64) AppleWebKit/537.36 (KHTML, like Gecko) Chrome/91.0.4472.77 Safari/537.36"
::1 - - [10/Jun/2021:16:56:29 +0000] "GET /js/toggle_likes.js HTTP/1.1" 404 157 "http://localhost:8000/" "Mozilla/5.0 (Windows NT 10.0; Win64; x64) AppleWebKit/537.36 (KHTML, like Gecko) Chrome/91.0.4472.77 Safari/537.36"
::1 - - [10/Jun/2021:16:56:29 +0000] "GET /js/toggle_likes.js HTTP/1.1" 404 157 "http://localhost:8000/" "Mozilla/5.0 (Windows NT 10.0; Win64; x64) AppleWebKit/537.36 (KHTML, like Gecko) Chrome/91.0.4472.77 Safari/537.36"
::1 - - [10/Jun/2021:16:56:29 +0000] "GET /favicon.ico HTTP/1.1" 404 150 "http://localhost:8000/" "Mozilla/5.0 (Windows NT 10.0; Win64; x64) AppleWebKit/537.36 (KHTML, like Gecko) Chrome/91.0.4472.77 Safari/537.36"
[0mGET / [32m200[0m 164.025 ms - 25242[0m
[0mGET /js/home_post_comments.js [33m404[0m 7.486 ms - 163[0m
[0mGET /js/home_posts.js [33m404[0m 6.883 ms - 155[0m
[0mGET /js/toggle_likes.js [33m404[0m 4.957 ms - 157[0m
[0mGET /js/home_posts.js [33m404[0m 3.116 ms - 155[0m
[0mGET /js/toggle_likes.js [33m404[0m 1.712 ms - 157[0m
[0mGET / [31m500[0m 120.670 ms - 4030[0m
[0mGET / [32m200[0m 173.329 ms - 25242[0m
[0mGET /js/home_post_comments.js [33m404[0m 9.582 ms - 163[0m
[0mGET /js/home_posts.js [33m404[0m 8.115 ms - 155[0m
[0mGET /js/toggle_likes.js [33m404[0m 4.016 ms - 157[0m
[0mGET /js/home_post_comments.js [33m404[0m 2.633 ms - 163[0m
[0mGET /js/home_posts.js [33m404[0m 2.030 ms - 155[0m
[0mGET /js/toggle_likes.js [33m404[0m 1.830 ms - 157[0m
[0mGET /css/layout.css [33m404[0m 5.836 ms - 153[0m
[0mGET /css/header.css [33m404[0m 5.831 ms - 153[0m
[0mGET /css/footer.css [33m404[0m 6.609 ms - 153[0m
[0mGET /css/home.css [33m404[0m 8.715 ms - 151[0m
[0mGET / [36m304[0m 136.444 ms - -[0m
[0mGET /css/layout.css [33m404[0m 8.765 ms - 153[0m
[0mGET /js/home_post_comments.js [33m404[0m 12.170 ms - 163[0m
[0mGET /js/home_posts.js [33m404[0m 4.986 ms - 155[0m
[0mGET /css/footer.css [33m404[0m 12.173 ms - 153[0m
[0mGET /css/header.css [33m404[0m 12.038 ms - 153[0m
[0mGET /css/home.css [33m404[0m 7.195 ms - 151[0m
[0mGET /js/toggle_likes.js [33m404[0m 7.447 ms - 157[0m
[0mGET /js/home_post_comments.js [33m404[0m 3.660 ms - 163[0m
[0mGET /css/layout.css [33m404[0m 8.826 ms - 153[0m
[0mGET /css/footer.css [33m404[0m 7.296 ms - 153[0m
[0mGET /css/home.css [33m404[0m 4.674 ms - 151[0m
[0mGET /css/header.css [33m404[0m 19.227 ms - 153[0m
[0mGET /js/home_posts.js [33m404[0m 2.893 ms - 155[0m
[0mGET /js/toggle_likes.js [33m404[0m 2.865 ms - 157[0m
[0mGET / [32m200[0m 148.781 ms - 25242[0m
[0mGET / [36m304[0m 146.407 ms - -[0m
[0mGET /js/home_post_comments.js [33m404[0m 8.569 ms - 163[0m
[0mGET /js/home_posts.js [33m404[0m 11.704 ms - 155[0m
[0mGET /js/toggle_likes.js [33m404[0m 4.776 ms - 157[0m
[0mGET /js/home_post_comments.js [33m404[0m 1.702 ms - 163[0m
[0mGET /js/home_posts.js [33m404[0m 1.966 ms - 155[0m
[0mGET /js/toggle_likes.js [33m404[0m 4.376 ms - 157[0m
[0mGET / [36m304[0m 143.043 ms - -[0m
[0mGET /js/home_post_comments.js [33m404[0m 4.006 ms - 163[0m
[0mGET /js/home_posts.js [33m404[0m 8.340 ms - 155[0m
[0mGET /js/toggle_likes.js [33m404[0m 4.989 ms - 157[0m
[0mGET /js/home_post_comments.js [33m404[0m 1.768 ms - 163[0m
[0mGET /js/home_posts.js [33m404[0m 2.154 ms - 155[0m
[0mGET /js/toggle_likes.js [33m404[0m 2.354 ms - 157[0m
[0mGET / [36m304[0m 117.121 ms - -[0m
[0mGET /css/layout.css [33m404[0m 4.101 ms - 153[0m
[0mGET /css/header.css [33m404[0m 8.293 ms - 153[0m
[0mGET /js/home_post_comments.js [33m404[0m 4.100 ms - 163[0m
[0mGET /js/home_posts.js [33m404[0m 6.720 ms - 155[0m
[0mGET /css/footer.css [33m404[0m 6.811 ms - 153[0m
[0mGET /css/home.css [33m404[0m 6.439 ms - 151[0m
[0mGET /js/toggle_likes.js [33m404[0m 6.945 ms - 157[0m
[0mGET /js/home_post_comments.js [33m404[0m 3.301 ms - 163[0m
[0mGET /css/layout.css [33m404[0m 5.299 ms - 153[0m
[0mGET /css/footer.css [33m404[0m 6.478 ms - 153[0m
[0mGET /css/home.css [33m404[0m 10.803 ms - 151[0m
[0mGET /css/header.css [33m404[0m 13.765 ms - 153[0m
[0mGET /js/home_posts.js [33m404[0m 1.705 ms - 155[0m
[0mGET /js/toggle_likes.js [33m404[0m 1.797 ms - 157[0m
[0mGET / [36m304[0m 141.948 ms - -[0m
[0mGET /js/home_post_comments.js [33m404[0m 6.775 ms - 163[0m
[0mGET /js/home_posts.js [33m404[0m 7.403 ms - 155[0m
[0mGET /js/toggle_likes.js [33m404[0m 6.255 ms - 157[0m
[0mGET /js/home_post_comments.js [33m404[0m 1.749 ms - 163[0m
[0mGET /js/home_posts.js [33m404[0m 1.765 ms - 155[0m
[0mGET /js/toggle_likes.js [33m404[0m 1.741 ms - 157[0m
[0mGET / [36m304[0m 92.186 ms - -[0m
[0mGET /js/home_post_comments.js [33m404[0m 4.298 ms - 163[0m
[0mGET /js/home_posts.js [33m404[0m 7.620 ms - 155[0m
[0mGET /js/toggle_likes.js [33m404[0m 5.139 ms - 157[0m
[0mGET /js/home_post_comments.js [33m404[0m 2.721 ms - 163[0m
[0mGET /js/home_posts.js [33m404[0m 1.706 ms - 155[0m
[0mGET /js/toggle_likes.js [33m404[0m 2.501 ms - 157[0m
[0mGET / [32m200[0m 3103.111 ms - 25242[0m
[0mGET /js/home_post_comments.js [33m404[0m 942.633 ms - 163[0m
[0mGET /js/home_posts.js [33m404[0m 5.181 ms - 155[0m
[0mGET /js/toggle_likes.js [33m404[0m 8.631 ms - 157[0m
[0mGET /js/home_posts.js [33m404[0m 2.252 ms - 155[0m
[0mGET /js/toggle_likes.js [33m404[0m 4.753 ms - 157[0m
[0mGET /favicon.ico [33m404[0m 2.330 ms - 150[0m
[0mGET /users/sign-in [32m200[0m 7.002 ms - 2053[0m
[0mGET /users/css/layout.css [33m404[0m 3.997 ms - 159[0m
[0mGET /users/css/header.css [33m404[0m 6.220 ms - 159[0m
[0mGET /users/css/footer.css [33m404[0m 9.146 ms - 159[0m
[0mGET /users/css/layout.css [33m404[0m 3.933 ms - 159[0m
[0mGET /users/css/header.css [33m404[0m 8.399 ms - 159[0m
[0mGET /users/css/footer.css [33m404[0m 3.807 ms - 159[0m
[0mPOST /users/create-session [36m302[0m 31.388 ms - 46[0m
[0mGET / [32m200[0m 60.438 ms - 37969[0m
[0mGET /css/layout.css [33m404[0m 9.589 ms - 153[0m
[0mGET /css/header.css [33m404[0m 15.116 ms - 153[0m
[0mGET /css/footer.css [33m404[0m 14.169 ms - 153[0m
[0mGET /js/home_post_comments.js [33m404[0m 16.491 ms - 163[0m
[0mGET /js/toggle_likes.js [33m404[0m 16.889 ms - 157[0m
[0mGET /css/home.css [33m404[0m 12.775 ms - 151[0m
[0mGET /js/home_posts.js [33m404[0m 11.250 ms - 155[0m
[0mGET /js/home_posts.js [33m404[0m 3.405 ms - 155[0m
[0mGET /js/toggle_likes.js [33m404[0m 4.184 ms - 157[0m
[0mGET /likes/toggle/?id=60b62d8dabd90a5c6070bdac&type=Post [36m302[0m 1091.294 ms - 88[0m
[0mGET / [32m200[0m 62.153 ms - 37678[0m
[0mGET /css/layout.css [33m404[0m 13.420 ms - 153[0m
[0mGET /css/header.css [33m404[0m 15.612 ms - 153[0m
[0mGET /css/footer.css [33m404[0m 19.528 ms - 153[0m
[0mGET /js/home_post_comments.js [33m404[0m 18.447 ms - 163[0m
[0mGET /js/home_posts.js [33m404[0m 21.450 ms - 155[0m
[0mGET /css/home.css [33m404[0m 13.364 ms - 151[0m
[0mGET /js/toggle_likes.js [33m404[0m 15.165 ms - 157[0m
[0mGET /js/home_posts.js [33m404[0m 2.716 ms - 155[0m
[0mGET /js/toggle_likes.js [33m404[0m 2.741 ms - 157[0m
[0mGET /likes/toggle/?id=60b62d8dabd90a5c6070bdac&type=Post [36m302[0m 14.231 ms - 88[0m
[0mGET / [32m200[0m 54.497 ms - 37678[0m
[0mGET /css/layout.css [33m404[0m 11.761 ms - 153[0m
[0mGET /css/header.css [33m404[0m 10.257 ms - 153[0m
[0mGET /js/home_post_comments.js [33m404[0m 17.741 ms - 163[0m
[0mGET /js/home_posts.js [33m404[0m 16.194 ms - 155[0m
[0mGET /css/footer.css [33m404[0m 16.063 ms - 153[0m
[0mGET /css/home.css [33m404[0m 17.004 ms - 151[0m
[0mGET /js/toggle_likes.js [33m404[0m 17.119 ms - 157[0m
[0mGET /js/home_posts.js [33m404[0m 2.935 ms - 155[0m
[0mGET /js/toggle_likes.js [33m404[0m 3.108 ms - 157[0m
[0mGET /likes/toggle/?id=60b62d8dabd90a5c6070bdac&type=Post [36m302[0m 7.998 ms - 88[0m
[0mGET / [36m304[0m 48.932 ms - -[0m
[0mGET /css/layout.css [33m404[0m 12.938 ms - 153[0m
[0mGET /css/header.css [33m404[0m 12.545 ms - 153[0m
[0mGET /css/footer.css [33m404[0m 13.313 ms - 153[0m
[0mGET /css/home.css [33m404[0m 13.594 ms - 151[0m
[0mGET /js/home_post_comments.js [33m404[0m 12.803 ms - 163[0m
[0mGET /js/home_posts.js [33m404[0m 15.335 ms - 155[0m
[0mGET /js/toggle_likes.js [33m404[0m 4.749 ms - 157[0m
[0mGET /likes/toggle/?id=60b62d8dabd90a5c6070bdac&type=Post [36m302[0m 10.635 ms - 88[0m
[0mGET / [32m200[0m 42.145 ms - 37678[0m
[0mGET /css/header.css [33m404[0m 10.059 ms - 153[0m
[0mGET /css/layout.css [33m404[0m 10.284 ms - 153[0m
[0mGET /css/footer.css [33m404[0m 10.905 ms - 153[0m
[0mGET /js/home_post_comments.js [33m404[0m 13.547 ms - 163[0m
[0mGET /js/home_posts.js [33m404[0m 17.064 ms - 155[0m
[0mGET /css/home.css [33m404[0m 11.798 ms - 151[0m
[0mGET /js/toggle_likes.js [33m404[0m 7.589 ms - 157[0m
[0mGET /js/home_posts.js [33m404[0m 5.271 ms - 155[0m
[0mGET /js/toggle_likes.js [33m404[0m 2.699 ms - 157[0m
[0mGET /likes/toggle/?id=60b62d8dabd90a5c6070bdac&type=Post [36m302[0m 10.700 ms - 88[0m
[0mGET / [32m200[0m 50.976 ms - 37678[0m
[0mGET /css/header.css [33m404[0m 8.644 ms - 153[0m
[0mGET /css/layout.css [33m404[0m 12.187 ms - 153[0m
[0mGET /css/footer.css [33m404[0m 13.599 ms - 153[0m
[0mGET /js/home_post_comments.js [33m404[0m 14.838 ms - 163[0m
[0mGET /js/toggle_likes.js [33m404[0m 17.838 ms - 157[0m
[0mGET /css/home.css [33m404[0m 12.618 ms - 151[0m
[0mGET /js/home_posts.js [33m404[0m 7.701 ms - 155[0m
[0mGET /js/home_posts.js [33m404[0m 2.448 ms - 155[0m
[0mGET /js/toggle_likes.js [33m404[0m 3.086 ms - 157[0m
[0mGET /likes/toggle/?id=60b62d8dabd90a5c6070bdac&type=Post [36m302[0m 7.870 ms - 88[0m
[0mGET / [32m200[0m 44.160 ms - 37678[0m
[0mGET /css/header.css [33m404[0m 13.974 ms - 153[0m
[0mGET /css/layout.css [33m404[0m 15.059 ms - 153[0m
[0mGET /css/footer.css [33m404[0m 17.127 ms - 153[0m
[0mGET /css/home.css [33m404[0m 16.519 ms - 151[0m
[0mGET /js/home_post_comments.js [33m404[0m 17.488 ms - 163[0m
[0mGET /js/home_posts.js [33m404[0m 21.389 ms - 155[0m
[0mGET /js/toggle_likes.js [33m404[0m 5.538 ms - 157[0m
[0mGET /likes/toggle/?id=60b62d8dabd90a5c6070bdac&type=Post [36m302[0m 11.617 ms - 88[0m
[0mGET / [32m200[0m 45.117 ms - 37678[0m
[0mGET /css/layout.css [33m404[0m 10.206 ms - 153[0m
[0mGET /css/header.css [33m404[0m 9.824 ms - 153[0m
[0mGET /css/footer.css [33m404[0m 11.827 ms - 153[0m
[0mGET /css/home.css [33m404[0m 13.053 ms - 151[0m
[0mGET /js/home_post_comments.js [33m404[0m 13.760 ms - 163[0m
[0mGET /js/home_posts.js [33m404[0m 16.036 ms - 155[0m
[0mGET /js/toggle_likes.js [33m404[0m 4.124 ms - 157[0m
[0mGET /likes/toggle/?id=60b62d8dabd90a5c6070bdac&type=Post [36m302[0m 9.670 ms - 88[0m
[0mGET / [32m200[0m 45.755 ms - 37678[0m
[0mGET /css/layout.css [33m404[0m 15.273 ms - 153[0m
[0mGET /css/header.css [33m404[0m 14.712 ms - 153[0m
[0mGET /css/footer.css [33m404[0m 14.594 ms - 153[0m
[0mGET /js/home_post_comments.js [33m404[0m 15.247 ms - 163[0m
[0mGET /js/home_posts.js [33m404[0m 17.867 ms - 155[0m
[0mGET /css/home.css [33m404[0m 12.233 ms - 151[0m
[0mGET /js/toggle_likes.js [33m404[0m 12.018 ms - 157[0m
[0mGET /js/home_posts.js [33m404[0m 2.986 ms - 155[0m
[0mGET /js/toggle_likes.js [33m404[0m 2.326 ms - 157[0m
[0mGET /likes/toggle/?id=60b62d8dabd90a5c6070bdac&type=Post [36m302[0m 10.383 ms - 88[0m
[0mGET / [32m200[0m 38.586 ms - 37678[0m
[0mGET /css/layout.css [33m404[0m 12.529 ms - 153[0m
[0mGET /css/footer.css [33m404[0m 13.217 ms - 153[0m
[0mGET /css/header.css [33m404[0m 13.829 ms - 153[0m
[0mGET /js/home_post_comments.js [33m404[0m 13.881 ms - 163[0m
[0mGET /js/home_posts.js [33m404[0m 18.896 ms - 155[0m
[0mGET /css/home.css [33m404[0m 11.157 ms - 151[0m
[0mGET /js/toggle_likes.js [33m404[0m 6.355 ms - 157[0m
[0mGET /js/home_posts.js [33m404[0m 2.474 ms - 155[0m
[0mGET /js/toggle_likes.js [33m404[0m 5.605 ms - 157[0m
[0mGET /likes/toggle/?id=60b62d8dabd90a5c6070bdac&type=Post [36m302[0m 9.585 ms - 88[0m
[0mGET / [32m200[0m 47.755 ms - 37678[0m
[0mGET /css/layout.css [33m404[0m 8.177 ms - 153[0m
[0mGET /css/footer.css [33m404[0m 12.649 ms - 153[0m
[0mGET /css/header.css [33m404[0m 12.824 ms - 153[0m
[0mGET /js/home_post_comments.js [33m404[0m 13.902 ms - 163[0m
[0mGET /js/home_posts.js [33m404[0m 16.534 ms - 155[0m
[0mGET /css/home.css [33m404[0m 11.558 ms - 151[0m
[0mGET /js/toggle_likes.js [33m404[0m 6.466 ms - 157[0m
[0mGET /js/home_posts.js [33m404[0m 2.509 ms - 155[0m
[0mGET /js/toggle_likes.js [33m404[0m 2.512 ms - 157[0m
[0mGET /likes/toggle/?id=60b62d8dabd90a5c6070bdac&type=Post [36m302[0m 5.988 ms - 88[0m
[0mGET / [32m200[0m 45.131 ms - 37678[0m
[0mGET /css/layout.css [33m404[0m 9.018 ms - 153[0m
[0mGET /css/header.css [33m404[0m 9.143 ms - 153[0m
[0mGET /css/footer.css [33m404[0m 15.081 ms - 153[0m
[0mGET /js/home_post_comments.js [33m404[0m 15.896 ms - 163[0m
[0mGET /js/home_posts.js [33m404[0m 19.496 ms - 155[0m
[0mGET /css/home.css [33m404[0m 11.545 ms - 151[0m
[0mGET /js/toggle_likes.js [33m404[0m 9.535 ms - 157[0m
[0mGET /js/home_posts.js [33m404[0m 3.606 ms - 155[0m
[0mGET /js/toggle_likes.js [33m404[0m 2.689 ms - 157[0m
[0mGET /likes/toggle/?id=60b62d8dabd90a5c6070bdac&type=Post [36m302[0m 7.343 ms - 88[0m
[0mGET / [32m200[0m 40.852 ms - 37678[0m
[0mGET /css/layout.css [33m404[0m 12.932 ms - 153[0m
[0mGET /css/header.css [33m404[0m 15.392 ms - 153[0m
[0mGET /css/footer.css [33m404[0m 15.721 ms - 153[0m
[0mGET /css/home.css [33m404[0m 16.207 ms - 151[0m
[0mGET /js/home_posts.js [33m404[0m 16.023 ms - 155[0m
[0mGET /js/home_post_comments.js [33m404[0m 17.441 ms - 163[0m
[0mGET /js/toggle_likes.js [33m404[0m 4.210 ms - 157[0m
[0mGET /js/home_posts.js [33m404[0m 5.753 ms - 155[0m
[0mGET /js/toggle_likes.js [33m404[0m 2.452 ms - 157[0m
[0mGET /likes/toggle/?id=60b5b281d08c986890ef6db7&type=Post [36m302[0m 7.905 ms - 88[0m
[0mGET / [32m200[0m 40.640 ms - 37678[0m
[0mGET /css/layout.css [33m404[0m 6.891 ms - 153[0m
[0mGET /css/footer.css [33m404[0m 8.760 ms - 153[0m
[0mGET /css/header.css [33m404[0m 11.831 ms - 153[0m
[0mGET /js/home_post_comments.js [33m404[0m 13.439 ms - 163[0m
[0mGET /js/home_posts.js [33m404[0m 14.032 ms - 155[0m
[0mGET /css/home.css [33m404[0m 10.594 ms - 151[0m
[0mGET /js/toggle_likes.js [33m404[0m 10.416 ms - 157[0m
[0mGET /js/home_posts.js [33m404[0m 2.547 ms - 155[0m
[0mGET /js/toggle_likes.js [33m404[0m 2.968 ms - 157[0m
[0mGET /likes/toggle/?id=60b5b281d08c986890ef6db7&type=Post [36m302[0m 9.245 ms - 88[0m
[0mGET / [32m200[0m 39.019 ms - 37678[0m
[0mGET /css/layout.css [33m404[0m 9.120 ms - 153[0m
[0mGET /css/header.css [33m404[0m 10.496 ms - 153[0m
[0mGET /css/footer.css [33m404[0m 10.894 ms - 153[0m
[0mGET /js/home_post_comments.js [33m404[0m 11.736 ms - 163[0m
[0mGET /js/home_posts.js [33m404[0m 13.962 ms - 155[0m
[0mGET /css/home.css [33m404[0m 12.720 ms - 151[0m
[0mGET /js/toggle_likes.js [33m404[0m 6.987 ms - 157[0m
[0mGET /js/home_posts.js [33m404[0m 2.496 ms - 155[0m
[0mGET /js/toggle_likes.js [33m404[0m 2.898 ms - 157[0m
[0mGET / [36m304[0m 63.963 ms - -[0m
[0mGET /css/header.css [33m404[0m 10.268 ms - 153[0m
[0mGET /css/layout.css [33m404[0m 10.249 ms - 153[0m
[0mGET /js/home_post_comments.js [33m404[0m 15.995 ms - 163[0m
[0mGET /js/home_posts.js [33m404[0m 17.372 ms - 155[0m
[0mGET /css/footer.css [33m404[0m 15.392 ms - 153[0m
[0mGET /css/home.css [33m404[0m 16.131 ms - 151[0m
[0mGET /js/toggle_likes.js [33m404[0m 13.481 ms - 157[0m
[0mGET /js/home_post_comments.js [33m404[0m 4.331 ms - 163[0m
[0mGET /css/layout.css [33m404[0m 4.325 ms - 153[0m
[0mGET /js/home_posts.js [33m404[0m 2.981 ms - 155[0m
[0mGET /js/toggle_likes.js [33m404[0m 2.610 ms - 157[0m
[0mPOST /comments/create [36m302[0m 120.169 ms - 88[0m
[0mGET / [32m200[0m 43.480 ms - 38236[0m
[0mGET /css/layout.css [33m404[0m 14.809 ms - 153[0m
[0mGET /css/header.css [33m404[0m 15.040 ms - 153[0m
[0mGET /js/home_post_comments.js [33m404[0m 16.103 ms - 163[0m
[0mGET /css/footer.css [33m404[0m 18.241 ms - 153[0m
[0mGET /js/home_posts.js [33m404[0m 19.548 ms - 155[0m
[0mGET /css/home.css [33m404[0m 13.997 ms - 151[0m
[0mGET /js/toggle_likes.js [33m404[0m 8.148 ms - 157[0m
[0mGET /js/home_post_comments.js [33m404[0m 6.674 ms - 163[0m
[0mGET /css/layout.css [33m404[0m 7.135 ms - 153[0m
[0mGET /css/header.css [33m404[0m 8.374 ms - 153[0m
[0mGET /css/footer.css [33m404[0m 10.468 ms - 153[0m
[0mGET /js/home_posts.js [33m404[0m 2.982 ms - 155[0m
[0mGET /js/toggle_likes.js [33m404[0m 2.531 ms - 157[0m
[0mPOST /comments/create [36m302[0m 12.348 ms - 88[0m
[0mGET / [32m200[0m 53.136 ms - 38512[0m
[0mGET /css/layout.css [33m404[0m 8.104 ms - 153[0m
[0mGET /css/header.css [33m404[0m 8.637 ms - 153[0m
[0mGET /js/home_post_comments.js [33m404[0m 13.943 ms - 163[0m
[0mGET /js/home_posts.js [33m404[0m 13.094 ms - 155[0m
[0mGET /css/footer.css [33m404[0m 8.419 ms - 153[0m
[0mGET /css/home.css [33m404[0m 10.858 ms - 151[0m
[0mGET /js/toggle_likes.js [33m404[0m 12.299 ms - 157[0m
[0mGET /js/home_post_comments.js [33m404[0m 10.293 ms - 163[0m
[0mGET /css/footer.css [33m404[0m 10.605 ms - 153[0m
[0mGET /css/layout.css [33m404[0m 11.109 ms - 153[0m
[0mGET /css/header.css [33m404[0m 11.764 ms - 153[0m
[0mGET /js/home_posts.js [33m404[0m 3.502 ms - 155[0m
[0mGET /js/toggle_likes.js [33m404[0m 2.684 ms - 157[0m
[0mGET /css/layout.css [33m404[0m 6.674 ms - 153[0m
[0mGET /css/header.css [33m404[0m 10.577 ms - 153[0m
[0mGET /css/footer.css [33m404[0m 11.531 ms - 153[0m
[0mGET /css/home.css [33m404[0m 12.113 ms - 151[0m
[0mGET /users/profile/60adf11cb4d7803e345573e8 [32m200[0m 103.000 ms - 2377[0m
[0mGET /users/profile/css/layout.css [33m404[0m 9.974 ms - 167[0m
[0mGET /users/profile/css/header.css [33m404[0m 8.272 ms - 167[0m
[0mGET /users/profile/css/footer.css [33m404[0m 7.186 ms - 167[0m
[0mGET /users/profile/css/user_profile.css [33m404[0m 9.528 ms - 173[0m
[0mGET /users/profile/css/layout.css [33m404[0m 5.779 ms - 167[0m
[0mGET /users/profile/css/header.css [33m404[0m 6.801 ms - 167[0m
[0mGET /users/profile/css/footer.css [33m404[0m 8.233 ms - 167[0m
[0mGET /users/profile/css/user_profile.css [33m404[0m 11.671 ms - 173[0m
[0mGET /js/home_post_comments.js [33m404[0m 3.502 ms - 163[0m
[0mGET / [32m200[0m 102.567 ms - 38666[0m
[0mGET /js/home_post_comments.js [33m404[0m 16.139 ms - 163[0m
[0mGET /js/home_posts.js [33m404[0m 17.669 ms - 155[0m
[0mGET /js/toggle_likes.js [33m404[0m 8.620 ms - 157[0m
[0mGET /js/home_post_comments.js [33m404[0m 3.445 ms - 163[0m
[0mGET /js/home_posts.js [33m404[0m 3.396 ms - 155[0m
[0mGET /js/toggle_likes.js [33m404[0m 4.349 ms - 157[0m
[0mGET / [32m200[0m 68.407 ms - 39989[0m
[0mGET /css/layout.css [33m404[0m 12.153 ms - 153[0m
[0mGET /css/header.css [33m404[0m 13.726 ms - 153[0m
[0mGET /js/home_post_comments.js [33m404[0m 13.342 ms - 163[0m
[0mGET /js/home_posts.js [33m404[0m 21.579 ms - 155[0m
[0mGET /css/footer.css [33m404[0m 25.011 ms - 153[0m
[0mGET /css/home.css [33m404[0m 26.495 ms - 151[0m
[0mGET /js/toggle_likes.js [33m404[0m 22.726 ms - 157[0m
[0mGET /css/layout.css [33m404[0m 6.255 ms - 153[0m
[0mGET /js/home_post_comments.js [33m404[0m 6.836 ms - 163[0m
[0mGET /css/header.css [33m404[0m 6.739 ms - 153[0m
[0mGET /js/home_posts.js [33m404[0m 4.529 ms - 155[0m
[0mGET /js/toggle_likes.js [33m404[0m 3.311 ms - 157[0m
[0mGET / [32m200[0m 67.082 ms - 38813[0m
[0mGET /css/layout.css [33m404[0m 14.035 ms - 153[0m
[0mGET /css/header.css [33m404[0m 16.037 ms - 153[0m
[0mGET /js/home_post_comments.js [33m404[0m 20.183 ms - 163[0m
[0mGET /js/toggle_likes.js [33m404[0m 20.594 ms - 157[0m
[0mGET /css/footer.css [33m404[0m 21.679 ms - 153[0m
[0mGET /css/home.css [33m404[0m 21.904 ms - 151[0m
[0mGET /js/home_posts.js [33m404[0m 13.368 ms - 155[0m
[0mGET /js/home_post_comments.js [33m404[0m 12.477 ms - 163[0m
[0mGET /css/layout.css [33m404[0m 11.557 ms - 153[0m
[0mGET /css/header.css [33m404[0m 13.467 ms - 153[0m
[0mGET /css/footer.css [33m404[0m 13.506 ms - 153[0m
[0mGET /css/home.css [33m404[0m 15.637 ms - 151[0m
[0mGET /js/home_posts.js [33m404[0m 4.494 ms - 155[0m
[0mGET /js/toggle_likes.js [33m404[0m 2.760 ms - 157[0m
[0mGET / [36m304[0m 92.537 ms - -[0m
[0mGET /js/home_posts.js [33m404[0m 12.578 ms - 155[0m
[0mGET /js/home_post_comments.js [33m404[0m 15.668 ms - 163[0m
[0mGET /js/toggle_likes.js [33m404[0m 5.415 ms - 157[0m
[0mGET /js/home_post_comments.js [33m404[0m 5.083 ms - 163[0m
[0mGET /js/home_posts.js [33m404[0m 3.287 ms - 155[0m
[0mGET /js/toggle_likes.js [33m404[0m 3.006 ms - 157[0m
[0mGET / [36m304[0m 51.944 ms - -[0m
[0mGET /css/layout.css [33m404[0m 8.027 ms - 153[0m
[0mGET /css/header.css [33m404[0m 13.564 ms - 153[0m
[0mGET /js/home_post_comments.js [33m404[0m 21.919 ms - 163[0m
[0mGET /js/home_posts.js [33m404[0m 22.450 ms - 155[0m
[0mGET /css/footer.css [33m404[0m 21.712 ms - 153[0m
[0mGET /js/toggle_likes.js [33m404[0m 21.470 ms - 157[0m
[0mGET /css/home.css [33m404[0m 25.343 ms - 151[0m
[0mGET /css/layout.css [33m404[0m 8.309 ms - 153[0m
[0mGET /css/header.css [33m404[0m 6.891 ms - 153[0m
[0mGET /js/home_posts.js [33m404[0m 3.230 ms - 155[0m
[0mGET /js/toggle_likes.js [33m404[0m 2.736 ms - 157[0m
[0mGET / [36m304[0m 65.635 ms - -[0m
[0mGET /css/layout.css [33m404[0m 10.797 ms - 153[0m
[0mGET /css/header.css [33m404[0m 10.542 ms - 153[0m
[0mGET /js/home_post_comments.js [33m404[0m 11.705 ms - 163[0m
[0mGET /js/home_posts.js [33m404[0m 11.574 ms - 155[0m
[0mGET /css/footer.css [33m404[0m 9.385 ms - 153[0m
[0mGET /css/home.css [33m404[0m 12.799 ms - 151[0m
[0mGET /js/toggle_likes.js [33m404[0m 13.116 ms - 157[0m
[0mGET /js/home_post_comments.js [33m404[0m 5.068 ms - 163[0m
[0mGET /css/layout.css [33m404[0m 6.067 ms - 153[0m
[0mGET /css/header.css [33m404[0m 9.126 ms - 153[0m
[0mGET /js/home_posts.js [33m404[0m 4.303 ms - 155[0m
[0mGET /js/toggle_likes.js [33m404[0m 2.888 ms - 157[0m
[0mGET / [36m304[0m 50.103 ms - -[0m
[0mGET /css/layout.css [33m404[0m 11.216 ms - 153[0m
[0mGET /css/header.css [33m404[0m 12.260 ms - 153[0m
[0mGET /js/home_post_comments.js [33m404[0m 10.982 ms - 163[0m
[0mGET /js/home_posts.js [33m404[0m 12.827 ms - 155[0m
[0mGET /css/footer.css [33m404[0m 13.227 ms - 153[0m
[0mGET /css/home.css [33m404[0m 14.946 ms - 151[0m
[0mGET /js/toggle_likes.js [33m404[0m 9.270 ms - 157[0m
[0mGET /js/home_post_comments.js [33m404[0m 9.326 ms - 163[0m
[0mGET /css/header.css [33m404[0m 8.478 ms - 153[0m
[0mGET /css/layout.css [33m404[0m 9.708 ms - 153[0m
[0mGET / [36m304[0m 64.363 ms - -[0m
[0mGET /js/home_posts.js [33m404[0m 43.754 ms - 155[0m
[0mGET /css/header.css [33m404[0m 13.711 ms - 153[0m
[0mGET /css/layout.css [33m404[0m 12.039 ms - 153[0m
[0mGET /js/home_post_comments.js [33m404[0m 18.466 ms - 163[0m
[0mGET /js/home_posts.js [33m404[0m 15.566 ms - 155[0m
[0mGET /css/home.css [33m404[0m 15.804 ms - 151[0m
[0mGET /css/footer.css [33m404[0m 19.281 ms - 153[0m
[0mGET /js/toggle_likes.js [33m404[0m 14.387 ms - 157[0m
[0mGET /js/home_posts.js [33m404[0m 4.411 ms - 155[0m
[0mGET / [36m304[0m 56.486 ms - -[0m
[0mGET /js/toggle_likes.js [33m404[0m 5.577 ms - 157[0m
[0mGET /css/footer.css [33m404[0m 17.770 ms - 153[0m
[0mGET /css/home.css [33m404[0m 17.978 ms - 151[0m
[0mGET /css/layout.css [33m404[0m 20.773 ms - 153[0m
[0mGET /css/header.css [33m404[0m 19.526 ms - 153[0m
[0mGET /js/home_post_comments.js [33m404[0m 23.582 ms - 163[0m
[0mGET /js/home_posts.js [33m404[0m 15.205 ms - 155[0m
[0mGET /js/toggle_likes.js [33m404[0m 12.442 ms - 157[0m
[0mGET / [36m304[0m 52.526 ms - -[0m
[0mGET / [32m200[0m 41.020 ms - 38813[0m
[0mGET /js/home_post_comments.js [33m404[0m 14.021 ms - 163[0m
[0mGET /css/layout.css [33m404[0m 11.212 ms - 153[0m
[0mGET /css/header.css [33m404[0m 11.575 ms - 153[0m
[0mGET /css/footer.css [33m404[0m 13.707 ms - 153[0m
[0mGET /js/home_posts.js [33m404[0m 12.953 ms - 155[0m
[0mGET /css/home.css [33m404[0m 18.424 ms - 151[0m
[0mGET /js/toggle_likes.js [33m404[0m 3.981 ms - 157[0m
[0mGET / [36m304[0m 44.600 ms - -[0m
[0mGET /css/layout.css [33m404[0m 9.836 ms - 153[0m
[0mGET /css/header.css [33m404[0m 10.339 ms - 153[0m
[0mGET /css/footer.css [33m404[0m 10.629 ms - 153[0m
[0mGET /css/home.css [33m404[0m 11.063 ms - 151[0m
[0mGET /js/home_post_comments.js [33m404[0m 9.608 ms - 163[0m
[0mGET /js/home_posts.js [33m404[0m 13.945 ms - 155[0m
[0mGET /js/toggle_likes.js [33m404[0m 4.068 ms - 157[0m
[0mGET / [36m304[0m 89.124 ms - -[0m
[0mGET /js/home_post_comments.js [33m404[0m 6.808 ms - 163[0m
[0mGET /js/home_posts.js [33m404[0m 11.019 ms - 155[0m
[0mGET /js/toggle_likes.js [33m404[0m 9.998 ms - 157[0m
[0mGET /js/home_posts.js [33m404[0m 3.138 ms - 155[0m
[0mGET /js/toggle_likes.js [33m404[0m 3.329 ms - 157[0m
[0mPOST /comments/create [36m302[0m 24.599 ms - 88[0m
[0mGET / [32m200[0m 54.831 ms - 39374[0m
[0mGET /css/layout.css [33m404[0m 13.154 ms - 153[0m
[0mGET /css/header.css [33m404[0m 12.821 ms - 153[0m
[0mGET /css/footer.css [33m404[0m 15.668 ms - 153[0m
[0mGET /js/home_post_comments.js [33m404[0m 15.902 ms - 163[0m
[0mGET /js/home_posts.js [33m404[0m 18.968 ms - 155[0m
[0mGET /css/home.css [33m404[0m 10.097 ms - 151[0m
[0mGET /js/toggle_likes.js [33m404[0m 7.904 ms - 157[0m
[0mGET /js/home_posts.js [33m404[0m 3.219 ms - 155[0m
[0mGET /js/toggle_likes.js [33m404[0m 2.801 ms - 157[0m
[0mGET / [32m200[0m 77.776 ms - 54737[0m
[0mGET /css/layout.css [33m404[0m 10.033 ms - 153[0m
[0mGET /css/header.css [33m404[0m 11.050 ms - 153[0m
[0mGET /js/home_post_comments.js [33m404[0m 12.284 ms - 163[0m
[0mGET /js/home_posts.js [33m404[0m 16.403 ms - 155[0m
[0mGET /css/footer.css [33m404[0m 12.165 ms - 153[0m
[0mGET /css/home.css [33m404[0m 13.416 ms - 151[0m
[0mGET /js/toggle_likes.js [33m404[0m 9.685 ms - 157[0m
[0mGET / [32m200[0m 265.586 ms - 66688[0m
[0mGET /js/toggle_like.js [33m404[0m 6.729 ms - 156[0m
[0mGET /js/chat_engine.js [33m404[0m 15.975 ms - 156[0m
[0mGET /js/chat_box.js [33m404[0m 18.406 ms - 153[0m
[0mGET /js/home_post_comments.js [33m404[0m 18.860 ms - 163[0m
[0mGET /js/home_posts.js [33m404[0m 22.147 ms - 155[0m
[0mGET /js/toggle_like.js [33m404[0m 3.433 ms - 156[0m
[0mGET /js/chat_engine.js [33m404[0m 2.689 ms - 156[0m
[0mGET /js/chat_box.js [33m404[0m 2.776 ms - 153[0m
[0mGET /favicon.ico [33m404[0m 3.152 ms - 150[0m
[0mGET /users/profile/60adf11cb4d7803e345573e8 [32m200[0m 12.136 ms - 2947[0m
[0mGET /users/profile/css/layout.css [33m404[0m 20.259 ms - 167[0m
[0mGET /users/profile/css/_header.css [33m404[0m 15.320 ms - 168[0m
[0mGET /users/profile/css/_footer.css [33m404[0m 17.123 ms - 168[0m
[0mGET /users/profile/css/user_profile.css [33m404[0m 18.827 ms - 173[0m
[0mGET /users/profile/js/user_profile.js [33m404[0m 6.268 ms - 171[0m
[0mGET /likes/toggle/?id=60b5b281d08c986890ef6db7&type=Post [32m200[0m 24.153 ms - 110[0m
[0mGET /likes/toggle/?id=60b5b276d08c986890ef6db3&type=Post [32m200[0m 13.629 ms - 110[0m
[0mGET /posts/destroy/60b3c8f4a2455a40a4d4281f [36m302[0m 17.740 ms - 88[0m
[0mGET / [32m200[0m 105.086 ms - 62067[0m
[0mGET /css/layout.css [33m404[0m 8.918 ms - 153[0m
[0mGET /css/_header.css [33m404[0m 10.609 ms - 154[0m
[0mGET /css/home.css [33m404[0m 14.631 ms - 151[0m
[0mGET /css/_footer.css [33m404[0m 14.615 ms - 154[0m
[0mGET /css/_posts.css [33m404[0m 15.475 ms - 153[0m
[0mGET /css/_comments.css [33m404[0m 17.690 ms - 156[0m
[0mGET /js/home_post_comments.js [33m404[0m 19.798 ms - 163[0m
[0mGET /css/_chat_box.css [33m404[0m 19.139 ms - 156[0m
[0mGET /js/chat_engine.js [33m404[0m 15.227 ms - 156[0m
[0mGET /js/home_posts.js [33m404[0m 18.302 ms - 155[0m
[0mGET /js/toggle_like.js [33m404[0m 18.648 ms - 156[0m
[0mGET /js/chat_box.js [33m404[0m 17.688 ms - 153[0m
[0mGET /css/layout.css [33m404[0m 8.310 ms - 153[0m
[0mGET /css/_header.css [33m404[0m 8.252 ms - 154[0m
[0mGET /js/home_posts.js [33m404[0m 2.831 ms - 155[0m
[0mGET /js/toggle_like.js [33m404[0m 6.885 ms - 156[0m
[0mGET /js/chat_engine.js [33m404[0m 3.936 ms - 156[0m
[0mGET /js/chat_box.js [33m404[0m 2.624 ms - 153[0m
[0mGET /css/layout.css [33m404[0m 14.325 ms - 153[0m
[0mGET /css/_header.css [33m404[0m 16.753 ms - 154[0m
[0mGET /css/_footer.css [33m404[0m 19.146 ms - 154[0m
[0mGET /css/_chat_box.css [33m404[0m 19.162 ms - 156[0m
[0mGET /css/home.css [33m404[0m 19.767 ms - 151[0m
[0mGET /css/_posts.css [33m404[0m 22.276 ms - 153[0m
[0mGET /css/_comments.css [33m404[0m 5.009 ms - 156[0m
[0mGET / [32m200[0m 971.506 ms - 61759[0m
[0mGET /js/home_post_comments.js [33m404[0m 17.625 ms - 163[0m
[0mGET / [36m304[0m 149.491 ms - -[0m
[0mGET /js/home_posts.js [33m404[0m 103.760 ms - 155[0m
[0mGET /js/toggle_like.js [33m404[0m 103.444 ms - 156[0m
[0mGET /js/chat_box.js [33m404[0m 17.540 ms - 153[0m
[0mGET /js/chat_engine.js [33m404[0m 18.794 ms - 156[0m
[0mGET /css/layout.css [33m404[0m 15.841 ms - 153[0m
[0mGET /css/_header.css [33m404[0m 34.047 ms - 154[0m
[0mGET /css/_footer.css [33m404[0m 33.656 ms - 154[0m
[0mGET /css/_posts.css [33m404[0m 27.927 ms - 153[0m
[0mGET /css/home.css [33m404[0m 32.697 ms - 151[0m
[0mGET /css/_comments.css [33m404[0m 34.345 ms - 156[0m
[0mGET /js/home_posts.js [33m404[0m 15.287 ms - 155[0m
[0mGET /css/_chat_box.css [33m404[0m 16.223 ms - 156[0m
[0mGET /js/toggle_like.js [33m404[0m 16.341 ms - 156[0m
[0mGET /js/home_post_comments.js [33m404[0m 19.673 ms - 163[0m
[0mGET /js/chat_engine.js [33m404[0m 15.134 ms - 156[0m
[0mGET /js/chat_box.js [33m404[0m 18.412 ms - 153[0m
[0mGET /css/_chat_box.css [33m404[0m 16.570 ms - 156[0m
[0mGET /css/layout.css [33m404[0m 17.070 ms - 153[0m
[0mGET /css/_header.css [33m404[0m 17.745 ms - 154[0m
[0mGET /css/_footer.css [33m404[0m 18.998 ms - 154[0m
[0mGET /css/_posts.css [33m404[0m 15.336 ms - 153[0m
[0mGET /css/home.css [33m404[0m 17.094 ms - 151[0m
[0mGET /js/home_post_comments.js [33m404[0m 5.178 ms - 163[0m
[0mGET /css/_comments.css [33m404[0m 7.352 ms - 156[0m
[0mGET /js/home_post_comments.js [33m404[0m 6.036 ms - 163[0m
[0mGET /js/home_posts.js [33m404[0m 3.191 ms - 155[0m
[0mGET /js/home_posts.js [33m404[0m 3.229 ms - 155[0m
[0mGET /js/toggle_like.js [33m404[0m 6.130 ms - 156[0m
[0mGET /js/toggle_like.js [33m404[0m 3.549 ms - 156[0m
[0mGET /js/chat_engine.js [33m404[0m 3.142 ms - 156[0m
[0mGET /js/chat_engine.js [33m404[0m 3.358 ms - 156[0m
[0mGET /js/chat_box.js [33m404[0m 3.041 ms - 153[0m
[0mGET /js/chat_box.js [33m404[0m 4.438 ms - 153[0m
[0mGET /favicon.ico [33m404[0m 3.146 ms - 150[0m
[0mGET /favicon.ico [33m404[0m 3.143 ms - 150[0m
[0mGET / [36m304[0m 68.200 ms - -[0m
[0mGET /css/layout.css [33m404[0m 11.393 ms - 153[0m
[0mGET /css/_header.css [33m404[0m 14.682 ms - 154[0m
[0mGET /css/_footer.css [33m404[0m 17.851 ms - 154[0m
[0mGET /css/home.css [33m404[0m 17.149 ms - 151[0m
[0mGET /css/_comments.css [33m404[0m 15.621 ms - 156[0m
[0mGET /css/_posts.css [33m404[0m 19.300 ms - 153[0m
[0mGET /js/home_post_comments.js [33m404[0m 22.234 ms - 163[0m
[0mGET /css/_chat_box.css [33m404[0m 21.763 ms - 156[0m
[0mGET /js/home_posts.js [33m404[0m 18.699 ms - 155[0m
[0mGET /js/toggle_like.js [33m404[0m 16.393 ms - 156[0m
[0mGET /js/chat_engine.js [33m404[0m 18.741 ms - 156[0m
[0mGET /js/chat_box.js [33m404[0m 17.067 ms - 153[0m
[0mGET / [36m304[0m 56.311 ms - -[0m
[0mGET /css/layout.css [33m404[0m 8.231 ms - 153[0m
[0mGET /css/_header.css [33m404[0m 8.917 ms - 154[0m
[0mGET /css/home.css [33m404[0m 9.187 ms - 151[0m
[0mGET /css/_footer.css [33m404[0m 12.316 ms - 154[0m
[0mGET /css/_comments.css [33m404[0m 14.558 ms - 156[0m
[0mGET /css/_posts.css [33m404[0m 14.408 ms - 153[0m
[0mGET /js/home_post_comments.js [33m404[0m 15.558 ms - 163[0m
[0mGET /js/home_posts.js [33m404[0m 14.049 ms - 155[0m
[0mGET /js/toggle_like.js [33m404[0m 15.141 ms - 156[0m
[0mGET /css/_chat_box.css [33m404[0m 16.917 ms - 156[0m
[0mGET /js/chat_engine.js [33m404[0m 7.245 ms - 156[0m
[0mGET /js/chat_box.js [33m404[0m 9.028 ms - 153[0m
[0mGET /js/home_posts.js [33m404[0m 6.850 ms - 155[0m
[0mGET /js/toggle_like.js [33m404[0m 3.072 ms - 156[0m
[0mGET /js/chat_engine.js [33m404[0m 2.608 ms - 156[0m
[0mGET /js/chat_box.js [33m404[0m 2.902 ms - 153[0m
[0mGET /css/layout.css [33m404[0m 5.573 ms - 153[0m
[0mGET /css/_chat_box.css [33m404[0m 15.220 ms - 156[0m
[0mGET /css/_comments.css [33m404[0m 15.384 ms - 156[0m
[0mGET /css/_header.css [33m404[0m 17.092 ms - 154[0m
[0mGET /css/_footer.css [33m404[0m 15.246 ms - 154[0m
[0mGET /css/_posts.css [33m404[0m 20.026 ms - 153[0m
[0mGET /css/home.css [33m404[0m 3.155 ms - 151[0m
[0mGET / [32m200[0m 63.980 ms - 61761[0m
[0mGET /css/layout.css [33m404[0m 9.496 ms - 153[0m
[0mGET /css/_header.css [33m404[0m 11.002 ms - 154[0m
[0mGET /css/home.css [33m404[0m 13.354 ms - 151[0m
[0mGET /css/_posts.css [33m404[0m 13.004 ms - 153[0m
[0mGET /css/_footer.css [33m404[0m 15.291 ms - 154[0m
[0mGET /css/_comments.css [33m404[0m 16.389 ms - 156[0m
[0mGET /js/home_post_comments.js [33m404[0m 24.612 ms - 163[0m
[0mGET /css/_chat_box.css [33m404[0m 23.141 ms - 156[0m
[0mGET /js/home_posts.js [33m404[0m 27.954 ms - 155[0m
[0mGET /js/toggle_like.js [33m404[0m 20.110 ms - 156[0m
[0mGET /js/chat_engine.js [33m404[0m 22.226 ms - 156[0m
[0mGET /js/chat_box.js [33m404[0m 23.611 ms - 153[0m
[0mGET /css/layout.css [33m404[0m 3.392 ms - 153[0m
[0mGET /css/_header.css [33m404[0m 25.411 ms - 154[0m
[0mGET /css/_footer.css [33m404[0m 29.748 ms - 154[0m
[0mGET /css/home.css [33m404[0m 26.607 ms - 151[0m
[0mGET /css/_chat_box.css [33m404[0m 28.510 ms - 156[0m
[0mGET /css/_posts.css [33m404[0m 32.317 ms - 153[0m
[0mGET /css/_comments.css [33m404[0m 28.064 ms - 156[0m
[0mGET /js/home_post_comments.js [33m404[0m 6.328 ms - 163[0m
[0mGET /js/home_posts.js [33m404[0m 3.278 ms - 155[0m
[0mGET /js/toggle_like.js [33m404[0m 2.999 ms - 156[0m
[0mGET /js/chat_engine.js [33m404[0m 2.347 ms - 156[0m
[0mGET /js/chat_box.js [33m404[0m 2.484 ms - 153[0m
[0mGET / [36m304[0m 61.896 ms - -[0m
[0mGET /css/_header.css [33m404[0m 8.147 ms - 154[0m
[0mGET /css/layout.css [33m404[0m 20.485 ms - 153[0m
[0mGET /css/_footer.css [33m404[0m 22.746 ms - 154[0m
[0mGET /css/home.css [33m404[0m 23.384 ms - 151[0m
[0mGET /css/_posts.css [33m404[0m 23.205 ms - 153[0m
[0mGET /css/_comments.css [33m404[0m 25.149 ms - 156[0m
[0mGET /css/_chat_box.css [33m404[0m 24.014 ms - 156[0m
[0mGET /js/home_post_comments.js [33m404[0m 23.973 ms - 163[0m
[0mGET /js/home_posts.js [33m404[0m 21.277 ms - 155[0m
[0mGET /js/toggle_like.js [33m404[0m 21.818 ms - 156[0m
[0mGET /js/chat_engine.js [33m404[0m 21.770 ms - 156[0m
[0mGET /js/chat_box.js [33m404[0m 6.106 ms - 153[0m
[0mGET /css/layout.css [33m404[0m 11.305 ms - 153[0m
[0mGET /css/_header.css [33m404[0m 11.891 ms - 154[0m
[0mGET /css/_footer.css [33m404[0m 15.004 ms - 154[0m
[0mGET /css/_posts.css [33m404[0m 15.451 ms - 153[0m
[0mGET /css/home.css [33m404[0m 19.033 ms - 151[0m
[0mGET /css/_comments.css [33m404[0m 21.141 ms - 156[0m
[0mGET /js/home_post_comments.js [33m404[0m 21.592 ms - 163[0m
[0mGET /css/_chat_box.css [33m404[0m 15.513 ms - 156[0m
[0mGET /js/home_posts.js [33m404[0m 5.083 ms - 155[0m
[0mGET /js/toggle_like.js [33m404[0m 4.545 ms - 156[0m
[0mGET /js/chat_engine.js [33m404[0m 3.040 ms - 156[0m
[0mGET /js/chat_box.js [33m404[0m 2.804 ms - 153[0m
[0mGET / [36m304[0m 122.159 ms - -[0m
[0mGET /users/profile/60b4b915e5cd681784918a31 [32m200[0m 24.805 ms - 2907[0m
[0mGET /users/profile/css/user_profile.css [33m404[0m 5.434 ms - 173[0m
[0mGET /users/profile/css/layout.css [33m404[0m 18.941 ms - 167[0m
[0mGET /users/profile/css/_header.css [33m404[0m 16.181 ms - 168[0m
[0mGET /users/profile/css/_footer.css [33m404[0m 16.919 ms - 168[0m
[0mGET /users/profile/js/user_profile.js [33m404[0m 11.318 ms - 171[0m
[0mGET /users/profile/css/layout.css [33m404[0m 14.314 ms - 167[0m
[0mGET /users/profile/css/_header.css [33m404[0m 15.928 ms - 168[0m
[0mGET /users/profile/css/_footer.css [33m404[0m 13.293 ms - 168[0m
[0mGET /users/profile/css/user_profile.css [33m404[0m 18.412 ms - 173[0m
[0mGET / [36m304[0m 119.162 ms - -[0m
[0mPOST /posts/create [32m200[0m 13.168 ms - 265[0m
[0mPOST /posts/create [32m200[0m 6.464 ms - 276[0m
[0mGET /posts/destroy/60c5ae8e63c4673f883ac7fb [32m200[0m 11.753 ms - 72[0m
[0mPOST /comments/create [31m500[0m 2963.644 ms - 47[0m
[0mPOST /comments/create [32m200[0m 12.159 ms - 400[0m
[0mPOST /comments/create [32m200[0m 9.358 ms - 419[0m
[0mGET /comments/destroy/?commentId=60c5aec163c4673f883ac7ff&postAuthor=60adf11cb4d7803e345573e8 [32m200[0m 279.002 ms - 79[0m
[0mGET /comments/destroy/?commentId=60c5aeba63c4673f883ac7fe&postAuthor=60adf11cb4d7803e345573e8 [32m200[0m 9.938 ms - 79[0m
[0mGET / [32m200[0m 111.355 ms - 64396[0m
[0mGET / [36m304[0m 193.798 ms - -[0m
[0mGET / [36m304[0m 143.840 ms - -[0m
[0mGET / [36m304[0m 97.966 ms - -[0m
[0mGET / [36m304[0m 137.121 ms - -[0m
[0mGET / [36m304[0m 132.970 ms - -[0m
[0mGET / [32m200[0m 185.384 ms - 64469[0m
[0mGET /favicon.ico [33m404[0m 21.215 ms - 150[0m
[0mGET / [36m304[0m 97.701 ms - -[0m
[0mGET / [32m200[0m 77.096 ms - 64467[0m
[0mGET / [36m304[0m 115.054 ms - -[0m
[0mGET / [36m304[0m 131.328 ms - -[0m
[0mGET / [36m304[0m 75.019 ms - -[0m
[0mGET /users/sign-out [36m302[0m 209.721 ms - 46[0m
[0mGET / [32m200[0m 58.654 ms - 38290[0m
[0mGET /users/sign-in [32m200[0m 6.083 ms - 2683[0m
[0mPOST /users/create-session [36m302[0m 3.834 ms - 72[0m
[0mGET /users/sign-in [32m200[0m 4.113 ms - 2978[0m
[0mPOST /users/create-session [36m302[0m 4.040 ms - 72[0m
[0mGET /users/sign-in [36m304[0m 3.121 ms - -[0m
[0mPOST /users/create-session [36m302[0m 2.835 ms - 72[0m
[0mGET /users/sign-in [36m304[0m 3.183 ms - -[0m
[0mGET / [32m200[0m 57.190 ms - 37999[0m
[0mGET / [36m304[0m 51.312 ms - -[0m
[0mGET /users/sign-up [32m200[0m 3.690 ms - 2712[0m
[0mGET /users/sign-in [32m200[0m 4.377 ms - 2683[0m
[0mGET / [36m304[0m 80.097 ms - -[0m
[0mGET / [31m500[0m 88.987 ms - 1902[0m
[0mGET / [31m500[0m 58.028 ms - 2146[0m
[0mGET / [32m200[0m 123.591 ms - 37578[0m
[0mGET /favicon.ico [33m404[0m 3.134 ms - 150[0m
[0mGET /users/sign-in [32m200[0m 6.157 ms - 2540[0m
[0mPOST /users/create-session [36m302[0m 28.550 ms - 46[0m
[0mGET / [31m500[0m 73.702 ms - 2316[0m
[0mGET / [32m200[0m 107.592 ms - 62649[0m
[0mGET /users/sign-out [36m302[0m 18.420 ms - 46[0m
[0mGET / [32m200[0m 69.923 ms - 37729[0m
[0mGET /users/sign-in [36m304[0m 3.993 ms - -[0m
[0mPOST /users/create-session [36m302[0m 5.646 ms - 46[0m
[0mGET / [32m200[0m 67.620 ms - 62926[0m
[0mGET /users/sign-out [36m302[0m 4.417 ms - 46[0m
[0mGET / [32m200[0m 58.547 ms - 37735[0m
[0mGET / [32m200[0m 51.720 ms - 37459[0m
[0mGET / [32m200[0m 55.090 ms - 37425[0m
[0mGET / [32m200[0m 54.239 ms - 37454[0m
[0mGET /users/sign-in [36m304[0m 4.974 ms - -[0m
[0mPOST /users/create-session [36m302[0m 6.415 ms - 46[0m
[0mGET / [32m200[0m 62.690 ms - 62914[0m
[0mGET /users/sign-out [36m302[0m 4.462 ms - 46[0m
[0mGET / [32m200[0m 51.367 ms - 37723[0m
[0mGET / [32m200[0m 67.851 ms - 48750[0m
[0mGET / [36m304[0m 81.211 ms - -[0m
[0mGET / [36m304[0m 60.733 ms - -[0m
[0mGET / [32m200[0m 80.712 ms - 48750[0m
[0mGET /users/sign-in [36m304[0m 3.117 ms - -[0m
[0mGET /favicon.ico [33m404[0m 2.251 ms - 150[0m
[0mPOST /users/create-session [36m302[0m 3.535 ms - 46[0m
[0mGET / [32m200[0m 72.513 ms - 95445[0m
[0mGET / [31m500[0m 77.986 ms - 2891[0m
[0mGET / [31m500[0m 75.786 ms - 4013[0m
[0mGET / [32m200[0m 119.517 ms - 61803[0m
[0mGET / [32m200[0m 122.052 ms - 61785[0m
[0mGET / [32m200[0m 87.926 ms - 61789[0m
[0mGET / [32m200[0m 95.221 ms - 61800[0m
[0mGET / [32m200[0m 69.990 ms - 61798[0m
[0mGET /users/sign-out [36m302[0m 7.466 ms - 46[0m
[0mGET / [32m200[0m 57.124 ms - 36869[0m
