[0mGET / [32m200[0m 159.030 ms - 36599[0m
[0mGET / [32m200[0m 49.208 ms - 36599[0m
[0mGET /users/sign-in [32m200[0m 5.096 ms - 2494[0m
[0mGET /users/sign-up [32m200[0m 3.759 ms - 2523[0m
[0mGET /users/sign-up [32m200[0m 3.249 ms - 2474[0m
[0mGET /users/sign-in [32m200[0m 4.001 ms - 2452[0m
[0mGET /users/sign-in [32m200[0m 3.335 ms - 2371[0m
[0mGET /users/sign-in [36m304[0m 4.250 ms - -[0m
[0mGET /users/sign-in [36m304[0m 2.892 ms - -[0m
[0mGET /users/sign-in [36m304[0m 2.871 ms - -[0m
[0mGET /users/sign-in [36m304[0m 2.878 ms - -[0m
[0mGET /users/sign-in [36m304[0m 4.303 ms - -[0m
[0mGET /users/sign-in [36m304[0m 3.866 ms - -[0m
[0mGET /users/sign-in [36m304[0m 3.876 ms - -[0m
[0mGET /users/sign-in [36m304[0m 6.021 ms - -[0m
[0mGET / [32m200[0m 75.737 ms - 36599[0m
[0mGET /users/sign-up [32m200[0m 2.896 ms - 2456[0m
[0mGET /users/sign-in [36m304[0m 5.298 ms - -[0m
[0mGET /users/sign-in [32m200[0m 4.944 ms - 2300[0m
[0mGET /users/sign-in [36m304[0m 4.316 ms - -[0m
[0mGET /users/sign-in [36m304[0m 2.906 ms - -[0m
[0mGET /users/sign-in [36m304[0m 3.434 ms - -[0m
[0mGET /users/sign-in [36m304[0m 3.579 ms - -[0m
[0mGET /users/sign-in [36m304[0m 2.783 ms - -[0m
[0mGET /users/sign-in [36m304[0m 5.036 ms - -[0m
[0mGET /users/sign-up [32m200[0m 2.975 ms - 2385[0m
[0mGET / [32m200[0m 68.396 ms - 36528[0m
[0mGET /users/sign-in [36m304[0m 4.865 ms - -[0m
[0mGET /users/sign-up [36m304[0m 5.294 ms - -[0m
[0mGET /users/sign-in [36m304[0m 2.754 ms - -[0m
[0mGET /users/sign-in [36m304[0m 2.808 ms - -[0m
[0mGET / [36m304[0m 63.548 ms - -[0m
[0mGET / [36m304[0m 55.139 ms - -[0m
[0mGET / [36m304[0m 1043.019 ms - -[0m
[0mGET /users/sign-in [32m200[0m 6.416 ms - 2209[0m
[0mPOST /users/create-session [36m302[0m 5.265 ms - 46[0m
[0mGET / [32m200[0m 62.156 ms - 61907[0m
[0mGET /users/profile/60adf11cb4d7803e345573e8 [32m200[0m 10.783 ms - 2649[0m
[0mGET /users/profile/60adf11cb4d7803e345573e8 [32m200[0m 8.595 ms - 2601[0m
[0mGET /users/profile/60adf11cb4d7803e345573e8 [36m304[0m 6.993 ms - -[0m
[0mGET /users/profile/60adf11cb4d7803e345573e8 [36m304[0m 8.404 ms - -[0m
[0mGET /users/profile/60adf11cb4d7803e345573e8 [36m304[0m 6.666 ms - -[0m
[0mGET /users/profile/60adf11cb4d7803e345573e8 [32m200[0m 7.171 ms - 2571[0m
[0mGET /users/profile/60adf11cb4d7803e345573e8 [32m200[0m 8.777 ms - 2571[0m
[0mGET /users/profile/60adf11cb4d7803e345573e8 [32m200[0m 10.767 ms - 2526[0m
[0mGET /users/profile/60adf11cb4d7803e345573e8 [32m200[0m 399.419 ms - 2523[0m
[0mGET /users/profile/60adf11cb4d7803e345573e8 [32m200[0m 63.446 ms - 2533[0m
[0mGET / [32m200[0m 323.914 ms - 61636[0m
[0mGET /comments/destroy/?commentId=60c5aeae63c4673f883ac7fc&postAuthor=60adf11cb4d7803e345573e8 [32m200[0m 56.909 ms - 79[0m
[0mPOST /comments/create [31m500[0m 3128.196 ms - 47[0m
[0mPOST /comments/create [32m200[0m 95.095 ms - 395[0m
[0mPOST /comments/create [32m200[0m 97.538 ms - 395[0m
[0mPOST /comments/create [32m200[0m 119.804 ms - 395[0m
[0mPOST /comments/create [32m200[0m 131.029 ms - 422[0m
[0mGET / [32m200[0m 145.511 ms - 64652[0m
[0mGET /comments/destroy/?commentId=60c7078e3702c32b803051ea&postAuthor=60adf11cb4d7803e345573e8 [32m200[0m 8.385 ms - 79[0m
[0mGET /comments/destroy/?commentId=60c707943702c32b803051ec&postAuthor=60adf11cb4d7803e345573e8 [32m200[0m 10.526 ms - 79[0m
[0mGET /comments/destroy/?commentId=60c707943702c32b803051ed&postAuthor=60adf11cb4d7803e345573e8 [32m200[0m 19.999 ms - 79[0m
[0mGET /comments/destroy/?commentId=60c707943702c32b803051ee&postAuthor=60adf11cb4d7803e345573e8 [32m200[0m 9.653 ms - 79[0m
[0mGET /comments/destroy/?commentId=60c707943702c32b803051ef&postAuthor=60adf11cb4d7803e345573e8 [32m200[0m 6.751 ms - 79[0m
[0mPOST /comments/create [31m500[0m 27.118 ms - 47[0m
[0mPOST /comments/create [31m500[0m 6.626 ms - 47[0m
[0mGET / [32m200[0m 94.804 ms - 60877[0m
[0mPOST /comments/create [31m500[0m 4.836 ms - 47[0m
[0mGET / [36m304[0m 92.048 ms - -[0m
[0mPOST /comments/create [31m500[0m 6.213 ms - 47[0m
[0mPOST /comments/create [31m500[0m 9.813 ms - 47[0m
[0mPOST /comments/create [31m500[0m 8.644 ms - 47[0m
[0mGET / [36m304[0m 78.600 ms - -[0m
[0mPOST /comments/create [31m500[0m 5.679 ms - 47[0m
[0mGET / [36m304[0m 71.293 ms - -[0m
[0mGET /comments/destroy/?commentId=60b3c8e6a2455a40a4d4281c&postAuthor=60adf11cb4d7803e345573e8 [33m404[0m 4.314 ms - 156[0m
[0mPOST /comments/create [31m500[0m 26.633 ms - 47[0m
[0mGET / [36m304[0m 101.681 ms - -[0m
[0mPOST /comments/create [31m500[0m 5.086 ms - 47[0m
[0mGET / [36m304[0m 210.099 ms - -[0m
[0mGET /users/profile/60adf11cb4d7803e345573e8 [36m304[0m 27.114 ms - -[0m
[0mGET /users/profile/60adf11cb4d7803e345573e8 [36m304[0m 18.741 ms - -[0m
[0mGET /users/profile/60af1c24f6ce073cc011c117 [31m500[0m 7.440 ms - 2486[0m
[0mGET /users/profile/60af1c24f6ce073cc011c117 [31m500[0m 10.894 ms - 2486[0m
[0mGET / [36m304[0m 118.764 ms - -[0m
[0mGET /users/profile/60af1c24f6ce073cc011c117 [32m200[0m 11.788 ms - 2503[0m
[0mGET /friends/toggle/?userID=60af1c24f6ce073cc011c117 [32m200[0m 498.119 ms - 67[0m
[0mGET / [32m200[0m 76.120 ms - 61102[0m
[0mGET / [36m304[0m 69.119 ms - -[0m
[0mGET /users/profile/60b61da74e8f661880ffaf03 [32m200[0m 32.100 ms - 2511[0m
[0mGET /friends/toggle/?userID=60b61da74e8f661880ffaf03 [32m200[0m 13.019 ms - 67[0m
[0mGET /users/profile/60b61da74e8f661880ffaf03 [32m200[0m 14.945 ms - 2514[0m
[0mGET / [32m200[0m 65.557 ms - 61327[0m
[0mGET /users/profile/60af1c24f6ce073cc011c117 [32m200[0m 10.694 ms - 2506[0m
[0mGET /users/profile/60adf11cb4d7803e345573e8 [36m304[0m 16.929 ms - -[0m
[0mGET / [32m200[0m 96.026 ms - 61400[0m
[0mGET / [32m200[0m 82.393 ms - 61406[0m
[0mGET / [31m500[0m 81.116 ms - 2415[0m
[0mGET / [32m200[0m 73.621 ms - 61406[0m
[0mGET / [32m200[0m 62.360 ms - 61334[0m
[0mGET /users/profile/60b4b915e5cd681784918a31 [32m200[0m 14.909 ms - 2568[0m
[0mGET /friends/toggle/?userID=60b4b915e5cd681784918a31 [32m200[0m 12.216 ms - 67[0m
[0mGET / [32m200[0m 60.994 ms - 61567[0m
[0mGET /users/sign-out [36m302[0m 56.765 ms - 46[0m
[0mGET / [32m200[0m 48.868 ms - 36330[0m
[0mGET / [32m200[0m 63.416 ms - 36061[0m
[0mGET / [36m304[0m 53.936 ms - -[0m
[0mGET / [36m304[0m 58.760 ms - -[0m
[0mGET / [36m304[0m 61.858 ms - -[0m
[0mGET / [36m304[0m 49.336 ms - -[0m
[0mGET / [36m304[0m 50.202 ms - -[0m
[0mGET / [36m304[0m 58.451 ms - -[0m
[0mGET /users/sign-in [32m200[0m 14.713 ms - 2216[0m
[0mPOST /users/create-session [36m302[0m 5.659 ms - 46[0m
[0mGET / [32m200[0m 60.032 ms - 61837[0m
[0mGET /likes/toggle/?id=60afdcb2b471c33aa43a1c38&type=Comment [31m500[0m 126.941 ms - 35[0m
[0mGET /likes/toggle/?id=60afdcb2b471c33aa43a1c38&type=Comment [31m500[0m 10.913 ms - 35[0m
[0mGET /likes/toggle/?id=60afdcb2b471c33aa43a1c38&type=Comment [31m500[0m 12.713 ms - 35[0m
[0mGET /likes/toggle/?id=60afdcb2b471c33aa43a1c38&type=Comment [31m500[0m 11.130 ms - 35[0m
[0mGET /likes/toggle/?id=60afdcb2b471c33aa43a1c38&type=Comment [31m500[0m 11.323 ms - 35[0m
[0mGET /likes/toggle/?id=60afdcb2b471c33aa43a1c38&type=Comment [31m500[0m 10.859 ms - 35[0m
[0mGET /likes/toggle/?id=60afdcb2b471c33aa43a1c38&type=Comment [31m500[0m 11.292 ms - 35[0m
[0mGET /likes/toggle/?id=60afdcb2b471c33aa43a1c38&type=Comment [31m500[0m 13.273 ms - 35[0m
[0mGET /comments/destroy/?commentId=60afdcb2b471c33aa43a1c38&postAuthor=60adf11cb4d7803e345573e8 [33m404[0m 5.029 ms - 156[0m
[0mGET /likes/toggle/?id=60c5ae8863c4673f883ac7fa&type=Post [32m200[0m 41.163 ms - 58[0m
[0mGET / [32m200[0m 111.009 ms - 61567[0m
[0mGET /likes/toggle/?id=60c5ae8863c4673f883ac7fa&type=Post [32m200[0m 24.121 ms - 57[0m
[0mGET / [32m200[0m 107.935 ms - 61567[0m
[0mGET / [36m304[0m 113.801 ms - -[0m
[0mGET / [36m304[0m 148.313 ms - -[0m
[0mGET / [36m304[0m 123.671 ms - -[0m
[0mGET /likes/toggle/?id=60c58433ac1f882eb43ddca9&type=Comment [32m200[0m 24.262 ms - 58[0m
[0mGET /likes/toggle/?id=60c58433ac1f882eb43ddca9&type=Comment [32m200[0m 12.452 ms - 57[0m
[0mGET / [36m304[0m 87.665 ms - -[0m
[0mGET / [36m304[0m 78.680 ms - -[0m
[0mGET /likes/toggle/?id=60c58433ac1f882eb43ddca9&type=Comment [32m200[0m 8.846 ms - 58[0m
[0mGET / [32m200[0m 63.924 ms - 61567[0m
[0mGET /likes/toggle/?id=60c58433ac1f882eb43ddca9&type=Comment [32m200[0m 8.308 ms - 57[0m
[0mGET / [32m200[0m 64.068 ms - 61567[0m
[0mGET /likes/toggle/?id=60c58433ac1f882eb43ddca9&type=Comment [32m200[0m 10.366 ms - 58[0m
[0mGET / [32m200[0m 52.733 ms - 61567[0m
